<?xml version="1.0" encoding="UTF-8"?>
<testsuite name="TestSuite" time="257.538" tests="33" errors="0" skipped="3" failures="0">
  <properties>
    <property name="PROCESSOR_ARCHITECTURE" value="AMD64"/>
    <property name="file.encoding.pkg" value="sun.io"/>
    <property name="LOGONSERVER" value="\\EXIDC01"/>
    <property name="ProgramData" value="C:\ProgramData"/>
    <property name="java.home" value="C:\Program Files\Java\jre1.8.0_201"/>
    <property name="NODE_NAME" value="master"/>
    <property name="JENKINS_URL" value="http://localhost:8080/"/>
    <property name="ALLUSERSPROFILE" value="C:\ProgramData"/>
    <property name="java.endorsed.dirs" value="C:\Program Files\Java\jre1.8.0_201\lib\endorsed"/>
    <property name="PSModulePath" value="C:\Program Files\WindowsPowerShell\Modules;C:\WINDOWS\system32\WindowsPowerShell\v1.0\Modules;C:\Program Files (x86)\Microsoft SQL Server\120\Tools\PowerShell\Modules\"/>
    <property name="=::" value="::\"/>
    <property name="USERDOMAIN" value="EX2INDIA"/>
    <property name="sun.os.patch.level" value=""/>
    <property name="java.vendor.url" value="http://java.oracle.com/"/>
    <property name="CommonProgramFiles(x86)" value="C:\Program Files (x86)\Common Files"/>
    <property name="java.version" value="1.8.0_201"/>
    <property name="JOB_NAME" value="Salesarchitect_Regression"/>
    <property name="COMPUTERNAME" value="EXIPC0120"/>
    <property name="java.vendor.url.bug" value="http://bugreport.sun.com/bugreport/"/>
    <property name="PUBLIC" value="C:\Users\Public"/>
    <property name="user.name" value="schoudhary"/>
    <property name="sun.io.unicode.encoding" value="UnicodeLittle"/>
    <property name="sun.jnu.encoding" value="Cp1252"/>
    <property name="java.runtime.name" value="Java(TM) SE Runtime Environment"/>
    <property name="windir" value="C:\WINDOWS"/>
    <property name="PROCESSOR_IDENTIFIER" value="Intel64 Family 6 Model 142 Stepping 9, GenuineIntel"/>
    <property name="=E:" value="E:\Jenkins"/>
    <property name="java.specification.name" value="Java Platform API Specification"/>
    <property name="LOCALAPPDATA" value="C:\Users\schoudhary\AppData\Local"/>
    <property name="RUN_CHANGES_DISPLAY_URL" value="http://localhost:8080/job/Salesarchitect_Regression/15/display/redirect?page=changes"/>
    <property name="user.timezone" value="Asia/Calcutta"/>
    <property name="user.script" value=""/>
    <property name="path.separator" value=";"/>
    <property name="NUMBER_OF_PROCESSORS" value="4"/>
    <property name="BUILD_TAG" value="jenkins-Salesarchitect_Regression-15"/>
    <property name="file.encoding" value="Cp1252"/>
    <property name="php" value="C:\wamp64\bin\php\php5.6.35\php.exe"/>
    <property name="sun.java.command" value="jenkins.maven3.agent.Maven35Main C:\Users\schoudhary\.jenkins\tools\hudson.tasks.Maven_MavenInstallation\TestMaven1 C:\Users\schoudhary\.jenkins\war\WEB-INF\lib\remoting-4.11.2.jar C:\Users\schoudhary\.jenkins\plugins\maven-plugin\WEB-INF\lib\maven35-interceptor-1.13.jar C:\Users\schoudhary\.jenkins\plugins\maven-plugin\WEB-INF\lib\maven3-interceptor-commons-1.13.jar 64754"/>
    <property name="HUDSON_URL" value="http://localhost:8080/"/>
    <property name="JENKINS_SERVER_COOKIE" value="0afe5a98351f311b"/>
    <property name="EXECUTOR_NUMBER" value="0"/>
    <property name="Path" value="C:\Program Files (x86)\Common Files\Oracle\Java\javapath;C:\WINDOWS\system32;C:\WINDOWS;C:\WINDOWS\System32\Wbem;C:\WINDOWS\System32\WindowsPowerShell\v1.0\;C:\Program Files\PuTTY\;C:\Program Files\Java\jdk1.8.0_171\\bin;C:\Users\sdahiya\Desktop\apache-maven-3.3.9-bin\apache-maven-3.3.9\bin;C:\Program Files\Microsoft SQL Server\Client SDK\ODBC\110\Tools\Binn\;C:\Program Files (x86)\Microsoft SQL Server\120\Tools\Binn\ManagementStudio\;C:\Program Files (x86)\Microsoft SQL Server\120\Tools\Binn\;C:\Program Files\Microsoft SQL Server\120\Tools\Binn\;C:\Program Files (x86)\Microsoft SQL Server\120\DTS\Binn\;C:\Program Files\Microsoft SQL Server\120\DTS\Binn\;C:\Users\schoudhary\AppData\Roaming\Microsoft\Windows\Start Menu\Programs\Python 3.9;C:\Program Files\Git\cmd;C:\WINDOWS\System32\OpenSSH\;C:\Program Files\nodejs\;C:\Users\schoudhary\AppData\Local\Programs\Fiddler;C:\Users\schoudhary\AppData\Local\Microsoft\WindowsApps;E:\platform-tools;C:\Users\schoudhary\AppData\Roaming\npm"/>
    <property name="GIT_COMMIT" value="12c5c287f8ade8a988d31e54265be74bd266f35e"/>
    <property name="java.io.tmpdir" value="C:\Users\SCHOUD~1\AppData\Local\Temp\"/>
    <property name="APPDATA" value="C:\Users\schoudhary\AppData\Roaming"/>
    <property name="user.language" value="en"/>
    <property name="line.separator" value="&#10;"/>
    <property name="BUILD_URL" value="http://localhost:8080/job/Salesarchitect_Regression/15/"/>
    <property name="M2_HOME" value="C:\Users\schoudhary\.jenkins\tools\hudson.tasks.Maven_MavenInstallation\TestMaven1"/>
    <property name="=C:" value="C:\Users\schoudhary"/>
    <property name="java.vm.info" value="mixed mode"/>
    <property name="DriverData" value="C:\Windows\System32\Drivers\DriverData"/>
    <property name="sun.desktop" value="windows"/>
    <property name="java.vm.specification.name" value="Java Virtual Machine Specification"/>
    <property name="CI" value="true"/>
    <property name="BUILD_DISPLAY_NAME" value="#15"/>
    <property name="OS" value="Windows_NT"/>
    <property name="guice.disable.misplaced.annotation.check" value="true"/>
    <property name="HUDSON_SERVER_COOKIE" value="0afe5a98351f311b"/>
    <property name="WORKSPACE_TMP" value="C:\Users\schoudhary\.jenkins\workspace\Salesarchitect_Regression@tmp"/>
    <property name="MAVEN_HOME" value="C:\Users\schoudhary\.jenkins\tools\hudson.tasks.Maven_MavenInstallation\TestMaven1"/>
    <property name="SESSIONNAME" value="Console"/>
    <property name="PATHEXT" value=".COM;.EXE;.BAT;.CMD;.VBS;.VBE;.JS;.JSE;.WSF;.WSH;.MSC"/>
    <property name="java.awt.printerjob" value="sun.awt.windows.WPrinterJob"/>
    <property name="maven3.interceptor.common" value="C:\Users\schoudhary\.jenkins\plugins\maven-plugin\WEB-INF\lib\maven3-interceptor-commons-1.13.jar"/>
    <property name="CLASSPATH" value=""/>
    <property name="MVN_HOME" value="C:\Users\sdahiya\Desktop\apache-maven-3.3.9-bin\apache-maven-3.3.9"/>
    <property name="jansi.mode" value="strip"/>
    <property name="HOMEPATH" value="\Users\schoudhary"/>
    <property name="OPENSSL_CONF" value="C:\OpenSSL-Win64\bin\openssl.cfg"/>
    <property name="os.name" value="Windows 10"/>
    <property name="java.specification.vendor" value="Oracle Corporation"/>
    <property name="java.vm.name" value="Java HotSpot(TM) 64-Bit Server VM"/>
    <property name="BUILD_NUMBER" value="15"/>
    <property name="maven3.interceptor" value="C:\Users\schoudhary\.jenkins\plugins\maven-plugin\WEB-INF\lib\maven35-interceptor-1.13.jar"/>
    <property name="java.library.path" value="C:\Program Files (x86)\Common Files\Oracle\Java\javapath;C:\WINDOWS\Sun\Java\bin;C:\WINDOWS\system32;C:\WINDOWS;C:\Users\schoudhary\.jenkins\tools\hudson.tasks.Maven_MavenInstallation\TestMaven1/bin;C:\Program Files (x86)\Common Files\Oracle\Java\javapath;C:\WINDOWS\system32;C:\WINDOWS;C:\WINDOWS\System32\Wbem;C:\WINDOWS\System32\WindowsPowerShell\v1.0\;C:\Program Files\PuTTY\;C:\Program Files\Java\jdk1.8.0_171\\bin;C:\Users\sdahiya\Desktop\apache-maven-3.3.9-bin\apache-maven-3.3.9\bin;C:\Program Files\Microsoft SQL Server\Client SDK\ODBC\110\Tools\Binn\;C:\Program Files (x86)\Microsoft SQL Server\120\Tools\Binn\ManagementStudio\;C:\Program Files (x86)\Microsoft SQL Server\120\Tools\Binn\;C:\Program Files\Microsoft SQL Server\120\Tools\Binn\;C:\Program Files (x86)\Microsoft SQL Server\120\DTS\Binn\;C:\Program Files\Microsoft SQL Server\120\DTS\Binn\;C:\Users\schoudhary\AppData\Roaming\Microsoft\Windows\Start Menu\Programs\Python 3.9;C:\Program Files\Git\cmd;C:\WINDOWS\System32\OpenSSH\;C:\Program Files\nodejs\;C:\Users\schoudhary\AppData\Local\Programs\Fiddler;C:\Users\schoudhary\AppData\Local\Microsoft\WindowsApps;E:\platform-tools;C:\Users\schoudhary\AppData\Roaming\npm;."/>
    <property name="HOMEDRIVE" value="C:"/>
    <property name="POM_GROUPID" value="WebApp"/>
    <property name="POM_ARTIFACTID" value="Salesarchitect"/>
    <property name="java.class.version" value="52.0"/>
    <property name="JOB_URL" value="http://localhost:8080/job/Salesarchitect_Regression/"/>
    <property name="OneDrive" value="C:\Users\schoudhary\OneDrive"/>
    <property name="GIT_BRANCH" value="origin/master"/>
    <property name="RUN_DISPLAY_URL" value="http://localhost:8080/job/Salesarchitect_Regression/15/display/redirect"/>
    <property name="JENKINS_HOME" value="C:\Users\schoudhary\.jenkins"/>
    <property name="BUILD_ID" value="15"/>
    <property name="TEMP" value="C:\Users\SCHOUD~1\AppData\Local\Temp"/>
    <property name="sun.boot.library.path" value="C:\Program Files\Java\jre1.8.0_201\bin"/>
    <property name="sun.management.compiler" value="HotSpot 64-Bit Tiered Compilers"/>
    <property name="java.awt.graphicsenv" value="sun.awt.Win32GraphicsEnvironment"/>
    <property name="user.variant" value=""/>
    <property name="PROCESSOR_REVISION" value="8e09"/>
    <property name="POM_VERSION" value="0.0.1-SNAPSHOT"/>
    <property name="HUDSON_HOME" value="C:\Users\schoudhary\.jenkins"/>
    <property name="ProgramFiles(x86)" value="C:\Program Files (x86)"/>
    <property name="PATH+MAVEN" value="C:\Users\schoudhary\.jenkins\tools\hudson.tasks.Maven_MavenInstallation\TestMaven1/bin"/>
    <property name="USERDOMAIN_ROAMINGPROFILE" value="EX2INDIA"/>
    <property name="RUN_ARTIFACTS_DISPLAY_URL" value="http://localhost:8080/job/Salesarchitect_Regression/15/display/redirect?page=artifacts"/>
    <property name="PROMPT" value="$P$G"/>
    <property name="java.vm.specification.version" value="1.8"/>
    <property name="JAVA_HOME" value="C:\Program Files\Java\jdk1.8.0_171\"/>
    <property name="awt.toolkit" value="sun.awt.windows.WToolkit"/>
    <property name="NODE_LABELS" value="master"/>
    <property name="sun.cpu.isalist" value="amd64"/>
    <property name="USERPROFILE" value="C:\Users\schoudhary"/>
    <property name="asl.log" value="Destination=file"/>
    <property name="JOB_DISPLAY_URL" value="http://localhost:8080/job/Salesarchitect_Regression/display/redirect"/>
    <property name="java.ext.dirs" value="C:\Program Files\Java\jre1.8.0_201\lib\ext;C:\WINDOWS\Sun\Java\lib\ext"/>
    <property name="os.version" value="10.0"/>
    <property name="user.home" value="C:\Users\schoudhary"/>
    <property name="USERNAME" value="schoudhary"/>
    <property name="java.vm.vendor" value="Oracle Corporation"/>
    <property name="PROCESSOR_LEVEL" value="6"/>
    <property name="USERDNSDOMAIN" value="EX2INDIA.LOCAL"/>
    <property name="CommonProgramW6432" value="C:\Program Files\Common Files"/>
    <property name="user.dir" value="E:\SandeepJavaWorkspace\Salesarchitect"/>
    <property name="maven.conf" value="C:\Users\schoudhary\.jenkins\tools\hudson.tasks.Maven_MavenInstallation\TestMaven1\conf"/>
    <property name="ProgramW6432" value="C:\Program Files"/>
    <property name="TMP" value="C:\Users\SCHOUD~1\AppData\Local\Temp"/>
    <property name="sun.cpu.endian" value="little"/>
    <property name="SystemDrive" value="C:"/>
    <property name="java.vm.version" value="25.201-b09"/>
    <property name="java.class.path" value="C:\Users\schoudhary\.jenkins\plugins\maven-plugin\WEB-INF\lib\maven35-agent-1.13.jar;C:\Users\schoudhary\.jenkins\tools\hudson.tasks.Maven_MavenInstallation\TestMaven1\boot\plexus-classworlds-2.6.0.jar;C:\Users\schoudhary\.jenkins\tools\hudson.tasks.Maven_MavenInstallation\TestMaven1/conf/logging"/>
    <property name="org.slf4j.simpleLogger.defaultLogLevel" value="info"/>
    <property name="os.arch" value="amd64"/>
    <property name="WORKSPACE" value="C:\Users\schoudhary\.jenkins\workspace\Salesarchitect_Regression"/>
    <property name="ComSpec" value="C:\WINDOWS\system32\cmd.exe"/>
    <property name="RUN_TESTS_DISPLAY_URL" value="http://localhost:8080/job/Salesarchitect_Regression/15/display/redirect?page=tests"/>
    <property name="sun.java.launcher" value="SUN_STANDARD"/>
    <property name="FPS_BROWSER_APP_PROFILE_STRING" value="Internet Explorer"/>
    <property name="SystemRoot" value="C:\WINDOWS"/>
    <property name="CommonProgramFiles" value="C:\Program Files\Common Files"/>
    <property name="java.vm.specification.vendor" value="Oracle Corporation"/>
    <property name="FPS_BROWSER_USER_PROFILE_STRING" value="Default"/>
    <property name="file.separator" value="\"/>
    <property name="java.runtime.version" value="1.8.0_201-b09"/>
    <property name="ProgramFiles" value="C:\Program Files"/>
    <property name="sun.boot.class.path" value="C:\Program Files\Java\jre1.8.0_201\lib\resources.jar;C:\Program Files\Java\jre1.8.0_201\lib\rt.jar;C:\Program Files\Java\jre1.8.0_201\lib\sunrsasign.jar;C:\Program Files\Java\jre1.8.0_201\lib\jsse.jar;C:\Program Files\Java\jre1.8.0_201\lib\jce.jar;C:\Program Files\Java\jre1.8.0_201\lib\charsets.jar;C:\Program Files\Java\jre1.8.0_201\lib\jfr.jar;C:\Program Files\Java\jre1.8.0_201\classes"/>
    <property name="=ExitCode" value="00000001"/>
    <property name="user.country" value="US"/>
    <property name="POM_PACKAGING" value="jar"/>
    <property name="maven.home" value="C:\Users\schoudhary\.jenkins\tools\hudson.tasks.Maven_MavenInstallation\TestMaven1"/>
    <property name="JOB_BASE_NAME" value="Salesarchitect_Regression"/>
    <property name="java.vendor" value="Oracle Corporation"/>
    <property name="POM_DISPLAYNAME" value="Salesarchitect"/>
    <property name="java.specification.version" value="1.8"/>
    <property name="sun.arch.data.model" value="64"/>
    <property name="GIT_URL" value="https://github.com/sandeep1127/Salearchitect.git"/>
  </properties>
  <testcase name="InValidLoginTest" classname="WebApp.Salesarchitect.testcases.LoginPageTestCases" time="1.772"/>
  <testcase name="PartnerSuperAdminValidLoginTest" classname="WebApp.Salesarchitect.testcases.LoginPageTestCases" time="6.079"/>
  <testcase name="SalesEditorAdminValidLoginTest" classname="WebApp.Salesarchitect.testcases.LoginPageTestCases" time="5.453"/>
  <testcase name="SalesRepAdminValidLoginTest" classname="WebApp.Salesarchitect.testcases.LoginPageTestCases" time="5.41"/>
  <testcase name="SuperAdminValidLoginTest" classname="WebApp.Salesarchitect.testcases.LoginPageTestCases" time="6.875"/>
  <testcase name="testCommunityAdminValidLogin" classname="WebApp.Salesarchitect.testcases.LoginPageTestCases" time="6.984"/>
  <testcase name="associateSVGMasterPlanTest" classname="WebApp.Salesarchitect.testcases.HomePageTestCases" time="16.831"/>
  <testcase name="clearSearchLinkTest" classname="WebApp.Salesarchitect.testcases.HomePageTestCases" time="10.858"/>
  <testcase name="communitySearchBoxByBuilderNameTest" classname="WebApp.Salesarchitect.testcases.HomePageTestCases" time="13.347"/>
  <testcase name="communitySearchBoxByCommunityNameTest" classname="WebApp.Salesarchitect.testcases.HomePageTestCases" time="6.606"/>
  <testcase name="geoSpatialSitePlanJsonLinkTest" classname="WebApp.Salesarchitect.testcases.HomePageTestCases" time="17.076"/>
  <testcase name="geoSpatialSitePlanSvgGeoLinkTest" classname="WebApp.Salesarchitect.testcases.HomePageTestCases" time="0">
    <skipped/>
    <system-out><![CDATA[Before navigating to: 'https://salesarchitect-build.bhitest.com'
Navigated to:'https://salesarchitect-build.bhitest.com'
Trying to find Element By : By.id: UserName
Found Element By : By.id: UserName
Trying to find Element By : By.id: Password
Found Element By : By.id: Password
Trying to find Element By : By.xpath: //button[@type='submit']
Found Element By : By.xpath: //button[@type='submit']
Trying to click on: [[ChromeDriver: chrome on WINDOWS (4f8eb52fd0a4ba9b153a99a12fcbc65c)] -> xpath: //button[@type='submit']]
Clicked on: [[ChromeDriver: chrome on WINDOWS (4f8eb52fd0a4ba9b153a99a12fcbc65c)] -> xpath: //button[@type='submit']]
Trying to find Element By : By.xpath: //td[text()='Creek Ridge']
Found Element By : By.xpath: //td[text()='Creek Ridge']
Trying to find Element By : By.xpath: //td[text()='Creek Ridge']
Found Element By : By.xpath: //td[text()='Creek Ridge']
Trying to find Element By : By.xpath: //td[text()='Creek Ridge']
Found Element By : By.xpath: //td[text()='Creek Ridge']
Trying to click on: [[ChromeDriver: chrome on WINDOWS (4f8eb52fd0a4ba9b153a99a12fcbc65c)] -> xpath: //td[text()='Creek Ridge']]
Clicked on: [[ChromeDriver: chrome on WINDOWS (4f8eb52fd0a4ba9b153a99a12fcbc65c)] -> xpath: //td[text()='Creek Ridge']]
Trying to find Element By : By.xpath: //a[text()='GeoSpatial Site Plan' and @id='googleMapsPreview']
Found Element By : By.xpath: //a[text()='GeoSpatial Site Plan' and @id='googleMapsPreview']
Trying to find Element By : By.xpath: //a[text()='GeoSpatial Site Plan' and @id='googleMapsPreview']
Found Element By : By.xpath: //a[text()='GeoSpatial Site Plan' and @id='googleMapsPreview']
Trying to click on: [[ChromeDriver: chrome on WINDOWS (4f8eb52fd0a4ba9b153a99a12fcbc65c)] -> xpath: //a[text()='GeoSpatial Site Plan' and @id='googleMapsPreview']]
Clicked on: [[ChromeDriver: chrome on WINDOWS (4f8eb52fd0a4ba9b153a99a12fcbc65c)] -> xpath: //a[text()='GeoSpatial Site Plan' and @id='googleMapsPreview']]
All other ids are[CDwindow-22510B4615646B4BE9FD0A0A6EB5EE8A, CDwindow-F66EFBC5B07085C87D0815381216E191]
Trying to find Element By : By.xpath: //*[name()='svg']//*[local-name()='polygon' and @id='Lot_81']
Exception has been occured: org.openqa.selenium.NoSuchElementException: no such element: Unable to locate element: {"method":"xpath","selector":"//*[name()='svg']//*[local-name()='polygon' and @id='Lot_81']"}
  (Session info: chrome=98.0.4758.102)
For documentation on this error, please visit: https://www.seleniumhq.org/exceptions/no_such_element.html
Build info: version: '3.141.59', revision: 'e82be7d358', time: '2018-11-14T08:17:03'
System info: host: 'EXIPC0120', ip: '172.17.10.238', os.name: 'Windows 10', os.arch: 'amd64', os.version: '10.0', java.version: '1.8.0_201'
Driver info: org.openqa.selenium.chrome.ChromeDriver
Capabilities {acceptInsecureCerts: false, browserName: chrome, browserVersion: 98.0.4758.102, chrome: {chromedriverVersion: 98.0.4758.80 (7f0488e8ba0d8..., userDataDir: C:\Users\SCHOUD~1\AppData\L...}, goog:chromeOptions: {debuggerAddress: localhost:65193}, javascriptEnabled: true, networkConnectionEnabled: false, pageLoadStrategy: normal, platform: WINDOWS, platformName: WINDOWS, proxy: Proxy(), setWindowRect: true, strictFileInteractability: false, timeouts: {implicit: 0, pageLoad: 300000, script: 30000}, unhandledPromptBehavior: dismiss and notify, webauthn:extension:credBlob: true, webauthn:extension:largeBlob: true, webauthn:virtualAuthenticators: true}
Session ID: 4f8eb52fd0a4ba9b153a99a12fcbc65c
*** Element info: {Using=xpath, value=//*[name()='svg']//*[local-name()='polygon' and @id='Lot_81']}
]]></system-out>
    <system-err><![CDATA[Starting ChromeDriver 98.0.4758.80 (7f0488e8ba0d8e019187c6325a16c29d9b7f4989-refs/branch-heads/4758@{#972}) on port 19868
Only local connections are allowed.
Please see https://chromedriver.chromium.org/security-considerations for suggestions on keeping ChromeDriver safe.
ChromeDriver was started successfully.
Mar 01, 2022 1:47:07 PM org.openqa.selenium.remote.ProtocolHandshake createSession
INFO: Detected dialect: W3C
]]></system-err>
  </testcase>
  <testcase name="geoSpatialSitePlanSvgGeoLinkTest" classname="WebApp.Salesarchitect.testcases.HomePageTestCases" time="0">
    <skipped/>
    <system-out><![CDATA[Before navigating to: 'https://salesarchitect-build.bhitest.com'
Navigated to:'https://salesarchitect-build.bhitest.com'
Trying to find Element By : By.id: UserName
Found Element By : By.id: UserName
Trying to find Element By : By.id: Password
Found Element By : By.id: Password
Trying to find Element By : By.xpath: //button[@type='submit']
Found Element By : By.xpath: //button[@type='submit']
Trying to click on: [[ChromeDriver: chrome on WINDOWS (4b4a03223e5695be856cc4662182b902)] -> xpath: //button[@type='submit']]
Clicked on: [[ChromeDriver: chrome on WINDOWS (4b4a03223e5695be856cc4662182b902)] -> xpath: //button[@type='submit']]
Trying to find Element By : By.xpath: //td[text()='Creek Ridge']
Found Element By : By.xpath: //td[text()='Creek Ridge']
Trying to find Element By : By.xpath: //td[text()='Creek Ridge']
Found Element By : By.xpath: //td[text()='Creek Ridge']
Trying to find Element By : By.xpath: //td[text()='Creek Ridge']
Found Element By : By.xpath: //td[text()='Creek Ridge']
Trying to click on: [[ChromeDriver: chrome on WINDOWS (4b4a03223e5695be856cc4662182b902)] -> xpath: //td[text()='Creek Ridge']]
Clicked on: [[ChromeDriver: chrome on WINDOWS (4b4a03223e5695be856cc4662182b902)] -> xpath: //td[text()='Creek Ridge']]
Trying to find Element By : By.xpath: //a[text()='GeoSpatial Site Plan' and @id='googleMapsPreview']
Found Element By : By.xpath: //a[text()='GeoSpatial Site Plan' and @id='googleMapsPreview']
Trying to find Element By : By.xpath: //a[text()='GeoSpatial Site Plan' and @id='googleMapsPreview']
Found Element By : By.xpath: //a[text()='GeoSpatial Site Plan' and @id='googleMapsPreview']
Trying to click on: [[ChromeDriver: chrome on WINDOWS (4b4a03223e5695be856cc4662182b902)] -> xpath: //a[text()='GeoSpatial Site Plan' and @id='googleMapsPreview']]
Clicked on: [[ChromeDriver: chrome on WINDOWS (4b4a03223e5695be856cc4662182b902)] -> xpath: //a[text()='GeoSpatial Site Plan' and @id='googleMapsPreview']]
All other ids are[CDwindow-90D577169F33806BF7C69758F5E4F007, CDwindow-165E07987936372BE636A8756569492C]
Trying to find Element By : By.xpath: //*[name()='svg']//*[local-name()='polygon' and @id='Lot_81']
Exception has been occured: org.openqa.selenium.NoSuchElementException: no such element: Unable to locate element: {"method":"xpath","selector":"//*[name()='svg']//*[local-name()='polygon' and @id='Lot_81']"}
  (Session info: chrome=98.0.4758.102)
For documentation on this error, please visit: https://www.seleniumhq.org/exceptions/no_such_element.html
Build info: version: '3.141.59', revision: 'e82be7d358', time: '2018-11-14T08:17:03'
System info: host: 'EXIPC0120', ip: '172.17.10.238', os.name: 'Windows 10', os.arch: 'amd64', os.version: '10.0', java.version: '1.8.0_201'
Driver info: org.openqa.selenium.chrome.ChromeDriver
Capabilities {acceptInsecureCerts: false, browserName: chrome, browserVersion: 98.0.4758.102, chrome: {chromedriverVersion: 98.0.4758.80 (7f0488e8ba0d8..., userDataDir: C:\Users\SCHOUD~1\AppData\L...}, goog:chromeOptions: {debuggerAddress: localhost:65317}, javascriptEnabled: true, networkConnectionEnabled: false, pageLoadStrategy: normal, platform: WINDOWS, platformName: WINDOWS, proxy: Proxy(), setWindowRect: true, strictFileInteractability: false, timeouts: {implicit: 0, pageLoad: 300000, script: 30000}, unhandledPromptBehavior: dismiss and notify, webauthn:extension:credBlob: true, webauthn:extension:largeBlob: true, webauthn:virtualAuthenticators: true}
Session ID: 4b4a03223e5695be856cc4662182b902
*** Element info: {Using=xpath, value=//*[name()='svg']//*[local-name()='polygon' and @id='Lot_81']}
]]></system-out>
    <system-err><![CDATA[Starting ChromeDriver 98.0.4758.80 (7f0488e8ba0d8e019187c6325a16c29d9b7f4989-refs/branch-heads/4758@{#972}) on port 40977
Only local connections are allowed.
Please see https://chromedriver.chromium.org/security-considerations for suggestions on keeping ChromeDriver safe.
ChromeDriver was started successfully.
Mar 01, 2022 1:47:48 PM org.openqa.selenium.remote.ProtocolHandshake createSession
INFO: Detected dialect: W3C
]]></system-err>
  </testcase>
  <testcase name="geoSpatialSitePlanSvgGeoLinkTest" classname="WebApp.Salesarchitect.testcases.HomePageTestCases" time="10.894"/>
  <testcase name="isApikeyValueTest" classname="WebApp.Salesarchitect.testcases.HomePageTestCases" time="2.369"/>
  <testcase name="logOffTest" classname="WebApp.Salesarchitect.testcases.HomePageTestCases" time="1.089"/>
  <testcase name="manageLotsFillDataTestExcel" classname="WebApp.Salesarchitect.testcases.HomePageTestCases" time="13.521"/>
  <testcase name="previewSVGMasterPlanLinkTest" classname="WebApp.Salesarchitect.testcases.HomePageTestCases" time="10.058"/>
  <testcase name="siteOverviewLinkTest" classname="WebApp.Salesarchitect.testcases.HomePageTestCases" time="13.114"/>
  <testcase name="sitePreviewLinkTest" classname="WebApp.Salesarchitect.testcases.HomePageTestCases" time="12.219"/>
  <testcase name="uploadSVGMasterPlanTest" classname="WebApp.Salesarchitect.testcases.HomePageTestCases" time="0">
    <skipped/>
    <system-out><![CDATA[Before navigating to: 'https://salesarchitect-build.bhitest.com'
Navigated to:'https://salesarchitect-build.bhitest.com'
Trying to find Element By : By.id: UserName
Found Element By : By.id: UserName
Trying to find Element By : By.id: Password
Found Element By : By.id: Password
Trying to find Element By : By.xpath: //button[@type='submit']
Found Element By : By.xpath: //button[@type='submit']
Trying to click on: [[ChromeDriver: chrome on WINDOWS (4d3d321a477b64640f0244ba742f387d)] -> xpath: //button[@type='submit']]
Clicked on: [[ChromeDriver: chrome on WINDOWS (4d3d321a477b64640f0244ba742f387d)] -> xpath: //button[@type='submit']]
Trying to find Element By : By.xpath: //td[text()='Eagle View']
Found Element By : By.xpath: //td[text()='Eagle View']
Trying to find Element By : By.xpath: //td[text()='Eagle View']
Found Element By : By.xpath: //td[text()='Eagle View']
Trying to click on: [[ChromeDriver: chrome on WINDOWS (4d3d321a477b64640f0244ba742f387d)] -> xpath: //td[text()='Eagle View']]
Clicked on: [[ChromeDriver: chrome on WINDOWS (4d3d321a477b64640f0244ba742f387d)] -> xpath: //td[text()='Eagle View']]
Trying to find Element By : By.xpath: //td[text()='Eagle View']
Found Element By : By.xpath: //td[text()='Eagle View']
Trying to click on: [[ChromeDriver: chrome on WINDOWS (4d3d321a477b64640f0244ba742f387d)] -> xpath: //td[text()='Eagle View']]
Clicked on: [[ChromeDriver: chrome on WINDOWS (4d3d321a477b64640f0244ba742f387d)] -> xpath: //td[text()='Eagle View']]
Trying to find Element By : By.xpath: //a[text()='Upload SVG Master Plan']
Found Element By : By.xpath: //a[text()='Upload SVG Master Plan']
Trying to find Element By : By.xpath: //a[text()='Upload SVG Master Plan']
Found Element By : By.xpath: //a[text()='Upload SVG Master Plan']
Trying to click on: [[ChromeDriver: chrome on WINDOWS (4d3d321a477b64640f0244ba742f387d)] -> xpath: //a[text()='Upload SVG Master Plan']]
Clicked on: [[ChromeDriver: chrome on WINDOWS (4d3d321a477b64640f0244ba742f387d)] -> xpath: //a[text()='Upload SVG Master Plan']]
Trying to find Element By : By.xpath: //input[@class='input-medium' and @id='name' and @name='name']
Found Element By : By.xpath: //input[@class='input-medium' and @id='name' and @name='name']
Trying to find Element By : By.xpath: //input[@class='btn btn-primary' and @id='choose-myformfile' and  @value='Choose File']
Found Element By : By.xpath: //input[@class='btn btn-primary' and @id='choose-myformfile' and  @value='Choose File']
Trying to find Element By : By.xpath: //input[@class='btn btn-primary' and @id='choose-myformfile' and  @value='Choose File']
Found Element By : By.xpath: //input[@class='btn btn-primary' and @id='choose-myformfile' and  @value='Choose File']
Trying to click on: [[ChromeDriver: chrome on WINDOWS (4d3d321a477b64640f0244ba742f387d)] -> xpath: //input[@class='btn btn-primary' and @id='choose-myformfile' and  @value='Choose File']]
Clicked on: [[ChromeDriver: chrome on WINDOWS (4d3d321a477b64640f0244ba742f387d)] -> xpath: //input[@class='btn btn-primary' and @id='choose-myformfile' and  @value='Choose File']]
Trying to find Element By : By.xpath: //input[@id='file-upload' and @value='Upload' and @class='btn btn-primary']
Found Element By : By.xpath: //input[@id='file-upload' and @value='Upload' and @class='btn btn-primary']
Trying to find Element By : By.xpath: //input[@id='file-upload' and @value='Upload' and @class='btn btn-primary']
Found Element By : By.xpath: //input[@id='file-upload' and @value='Upload' and @class='btn btn-primary']
Trying to find Element By : By.xpath: //input[@id='file-upload' and @value='Upload' and @class='btn btn-primary']
Found Element By : By.xpath: //input[@id='file-upload' and @value='Upload' and @class='btn btn-primary']
Trying to click on: [[ChromeDriver: chrome on WINDOWS (4d3d321a477b64640f0244ba742f387d)] -> xpath: //input[@id='file-upload' and @value='Upload' and @class='btn btn-primary']]
Clicked on: [[ChromeDriver: chrome on WINDOWS (4d3d321a477b64640f0244ba742f387d)] -> xpath: //input[@id='file-upload' and @value='Upload' and @class='btn btn-primary']]
Trying to find Element By : By.xpath: //td[text()='Eagle View']
Found Element By : By.xpath: //td[text()='Eagle View']
Trying to find Element By : By.xpath: //td[text()='Eagle View']
Found Element By : By.xpath: //td[text()='Eagle View']
Trying to find Element By : By.xpath: //td[text()='Eagle View']
Found Element By : By.xpath: //td[text()='Eagle View']
Trying to click on: [[ChromeDriver: chrome on WINDOWS (4d3d321a477b64640f0244ba742f387d)] -> xpath: //td[text()='Eagle View']]
Exception has been occured: org.openqa.selenium.ElementClickInterceptedException: element click intercepted: Element <td role="gridcell" style="text-align:center;" title="..." aria-describedby="Communities_cell.Name">Eagle View</td> is not clickable at point (376, 12). Other element would receive the click: <div class="modal-backdrop fade in"></div>
  (Session info: chrome=98.0.4758.102)
Build info: version: '3.141.59', revision: 'e82be7d358', time: '2018-11-14T08:17:03'
System info: host: 'EXIPC0120', ip: '172.17.10.238', os.name: 'Windows 10', os.arch: 'amd64', os.version: '10.0', java.version: '1.8.0_201'
Driver info: org.openqa.selenium.chrome.ChromeDriver
Capabilities {acceptInsecureCerts: false, browserName: chrome, browserVersion: 98.0.4758.102, chrome: {chromedriverVersion: 98.0.4758.80 (7f0488e8ba0d8..., userDataDir: C:\Users\SCHOUD~1\AppData\L...}, goog:chromeOptions: {debuggerAddress: localhost:49389}, javascriptEnabled: true, networkConnectionEnabled: false, pageLoadStrategy: normal, platform: WINDOWS, platformName: WINDOWS, proxy: Proxy(), setWindowRect: true, strictFileInteractability: false, timeouts: {implicit: 0, pageLoad: 300000, script: 30000}, unhandledPromptBehavior: dismiss and notify, webauthn:extension:credBlob: true, webauthn:extension:largeBlob: true, webauthn:virtualAuthenticators: true}
Session ID: 4d3d321a477b64640f0244ba742f387d
]]></system-out>
    <system-err><![CDATA[Starting ChromeDriver 98.0.4758.80 (7f0488e8ba0d8e019187c6325a16c29d9b7f4989-refs/branch-heads/4758@{#972}) on port 34724
Only local connections are allowed.
Please see https://chromedriver.chromium.org/security-considerations for suggestions on keeping ChromeDriver safe.
ChromeDriver was started successfully.
Mar 01, 2022 1:51:16 PM org.openqa.selenium.remote.ProtocolHandshake createSession
INFO: Detected dialect: W3C
]]></system-err>
  </testcase>
  <testcase name="uploadSVGMasterPlanTest" classname="WebApp.Salesarchitect.testcases.HomePageTestCases" time="21.178"/>
  <testcase name="verifyNextPagerIconTest" classname="WebApp.Salesarchitect.testcases.HomePageTestCases" time="9.006"/>
  <testcase name="verifyHomePageTitleTest" classname="WebApp.Salesarchitect.testcases.HomePageTestCases" time="0.009"/>
  <testcase name="verifyUserNameTest" classname="WebApp.Salesarchitect.testcases.HomePageTestCases" time="0.1"/>
  <testcase name="clickNewHomeNavigatorLinkTest" classname="WebApp.Salesarchitect.testcases.HomePageTestCases" time="3.848"/>
  <testcase name="manageUsersLinkTest" classname="WebApp.Salesarchitect.testcases.HomePageTestCases" time="6.17"/>
  <testcase name="partnerConfigurationLinkTest" classname="WebApp.Salesarchitect.testcases.HomePageTestCases" time="6.429"/>
  <testcase name="manageProspectsButtonTest" classname="WebApp.Salesarchitect.testcases.HomePageTestCases" time="4.739"/>
  <testcase name="manageAppsTest" classname="WebApp.Salesarchitect.testcases.HomePageTestCases" time="3.501"/>
  <testcase name="navigatorReportsButtonTest" classname="WebApp.Salesarchitect.testcases.HomePageTestCases" time="5.977"/>
  <testcase name="uploadSVGTest" classname="WebApp.Salesarchitect.testcases.HomePageTestCases" time="59.929"/>
  <testcase name="deleteAllLotsInfoLinkTest" classname="WebApp.Salesarchitect.testcases.HomePageTestCases" time="8.169"/>
</testsuite>