<?xml version="1.0" encoding="UTF-8"?>
<testng-results skipped="3" failed="0" total="33" passed="30">
  <reporter-output>
  </reporter-output>
  <suite name="Salesarchitect" duration-ms="813298" started-at="2022-03-01T08:13:23Z" finished-at="2022-03-01T08:26:56Z">
    <groups>
      <group name="Regression">
        <method signature="HomePageTestCases.clickNewHomeNavigatorLinkTest()[pri:3, instance:WebApp.Salesarchitect.testcases.HomePageTestCases@13969fbe]" name="clickNewHomeNavigatorLinkTest" class="WebApp.Salesarchitect.testcases.HomePageTestCases"/>
        <method signature="HomePageTestCases.manageAppsTest()[pri:8, instance:WebApp.Salesarchitect.testcases.HomePageTestCases@13969fbe]" name="manageAppsTest" class="WebApp.Salesarchitect.testcases.HomePageTestCases"/>
        <method signature="HomePageTestCases.manageProspectsButtonTest()[pri:7, instance:WebApp.Salesarchitect.testcases.HomePageTestCases@13969fbe]" name="manageProspectsButtonTest" class="WebApp.Salesarchitect.testcases.HomePageTestCases"/>
        <method signature="HomePageTestCases.manageUsersLinkTest()[pri:4, instance:WebApp.Salesarchitect.testcases.HomePageTestCases@13969fbe]" name="manageUsersLinkTest" class="WebApp.Salesarchitect.testcases.HomePageTestCases"/>
        <method signature="HomePageTestCases.navigatorReportsButtonTest()[pri:9, instance:WebApp.Salesarchitect.testcases.HomePageTestCases@13969fbe]" name="navigatorReportsButtonTest" class="WebApp.Salesarchitect.testcases.HomePageTestCases"/>
        <method signature="HomePageTestCases.partnerConfigurationLinkTest()[pri:5, instance:WebApp.Salesarchitect.testcases.HomePageTestCases@13969fbe]" name="partnerConfigurationLinkTest" class="WebApp.Salesarchitect.testcases.HomePageTestCases"/>
        <method signature="HomePageTestCases.verifyHomePageTitleTest()[pri:1, instance:WebApp.Salesarchitect.testcases.HomePageTestCases@13969fbe]" name="verifyHomePageTitleTest" class="WebApp.Salesarchitect.testcases.HomePageTestCases"/>
        <method signature="HomePageTestCases.verifyUserNameTest()[pri:2, instance:WebApp.Salesarchitect.testcases.HomePageTestCases@13969fbe]" name="verifyUserNameTest" class="WebApp.Salesarchitect.testcases.HomePageTestCases"/>
      </group> <!-- Regression -->
    </groups>
    <test name="SalesArchitectTestCases" duration-ms="813298" started-at="2022-03-01T08:13:23Z" finished-at="2022-03-01T08:26:56Z">
      <class name="WebApp.Salesarchitect.testcases.LoginPageTestCases">
        <test-method status="PASS" signature="setUp()[pri:0, instance:WebApp.Salesarchitect.testcases.LoginPageTestCases@22f71333]" name="setUp" is-config="true" duration-ms="11498" started-at="2022-03-01T13:43:23Z" finished-at="2022-03-01T13:43:34Z">
          <reporter-output>
          </reporter-output>
        </test-method> <!-- setUp -->
        <test-method status="PASS" signature="InValidLoginTest()[pri:0, instance:WebApp.Salesarchitect.testcases.LoginPageTestCases@22f71333]" name="InValidLoginTest" duration-ms="1774" started-at="2022-03-01T13:43:34Z" finished-at="2022-03-01T13:43:36Z">
          <reporter-output>
          </reporter-output>
        </test-method> <!-- InValidLoginTest -->
        <test-method status="PASS" signature="tearDown()[pri:0, instance:WebApp.Salesarchitect.testcases.LoginPageTestCases@22f71333]" name="tearDown" is-config="true" duration-ms="1112" started-at="2022-03-01T13:43:36Z" finished-at="2022-03-01T13:43:37Z">
          <reporter-output>
          </reporter-output>
        </test-method> <!-- tearDown -->
        <test-method status="PASS" signature="setUp()[pri:0, instance:WebApp.Salesarchitect.testcases.LoginPageTestCases@22f71333]" name="setUp" is-config="true" duration-ms="6392" started-at="2022-03-01T13:43:37Z" finished-at="2022-03-01T13:43:44Z">
          <reporter-output>
          </reporter-output>
        </test-method> <!-- setUp -->
        <test-method status="PASS" signature="PartnerSuperAdminValidLoginTest()[pri:0, instance:WebApp.Salesarchitect.testcases.LoginPageTestCases@22f71333]" name="PartnerSuperAdminValidLoginTest" duration-ms="6082" started-at="2022-03-01T13:43:44Z" finished-at="2022-03-01T13:43:50Z">
          <reporter-output>
          </reporter-output>
        </test-method> <!-- PartnerSuperAdminValidLoginTest -->
        <test-method status="PASS" signature="tearDown()[pri:0, instance:WebApp.Salesarchitect.testcases.LoginPageTestCases@22f71333]" name="tearDown" is-config="true" duration-ms="976" started-at="2022-03-01T13:43:50Z" finished-at="2022-03-01T13:43:51Z">
          <reporter-output>
          </reporter-output>
        </test-method> <!-- tearDown -->
        <test-method status="PASS" signature="setUp()[pri:0, instance:WebApp.Salesarchitect.testcases.LoginPageTestCases@22f71333]" name="setUp" is-config="true" duration-ms="6319" started-at="2022-03-01T13:43:51Z" finished-at="2022-03-01T13:43:57Z">
          <reporter-output>
          </reporter-output>
        </test-method> <!-- setUp -->
        <test-method status="PASS" signature="SalesEditorAdminValidLoginTest()[pri:0, instance:WebApp.Salesarchitect.testcases.LoginPageTestCases@22f71333]" name="SalesEditorAdminValidLoginTest" duration-ms="5456" started-at="2022-03-01T13:43:57Z" finished-at="2022-03-01T13:44:02Z">
          <reporter-output>
          </reporter-output>
        </test-method> <!-- SalesEditorAdminValidLoginTest -->
        <test-method status="PASS" signature="tearDown()[pri:0, instance:WebApp.Salesarchitect.testcases.LoginPageTestCases@22f71333]" name="tearDown" is-config="true" duration-ms="1369" started-at="2022-03-01T13:44:02Z" finished-at="2022-03-01T13:44:04Z">
          <reporter-output>
          </reporter-output>
        </test-method> <!-- tearDown -->
        <test-method status="PASS" signature="setUp()[pri:0, instance:WebApp.Salesarchitect.testcases.LoginPageTestCases@22f71333]" name="setUp" is-config="true" duration-ms="5857" started-at="2022-03-01T13:44:04Z" finished-at="2022-03-01T13:44:10Z">
          <reporter-output>
          </reporter-output>
        </test-method> <!-- setUp -->
        <test-method status="PASS" signature="SalesRepAdminValidLoginTest()[pri:0, instance:WebApp.Salesarchitect.testcases.LoginPageTestCases@22f71333]" name="SalesRepAdminValidLoginTest" duration-ms="5413" started-at="2022-03-01T13:44:10Z" finished-at="2022-03-01T13:44:15Z">
          <reporter-output>
          </reporter-output>
        </test-method> <!-- SalesRepAdminValidLoginTest -->
        <test-method status="PASS" signature="tearDown()[pri:0, instance:WebApp.Salesarchitect.testcases.LoginPageTestCases@22f71333]" name="tearDown" is-config="true" duration-ms="1322" started-at="2022-03-01T13:44:15Z" finished-at="2022-03-01T13:44:16Z">
          <reporter-output>
          </reporter-output>
        </test-method> <!-- tearDown -->
        <test-method status="PASS" signature="setUp()[pri:0, instance:WebApp.Salesarchitect.testcases.LoginPageTestCases@22f71333]" name="setUp" is-config="true" duration-ms="5887" started-at="2022-03-01T13:44:16Z" finished-at="2022-03-01T13:44:22Z">
          <reporter-output>
          </reporter-output>
        </test-method> <!-- setUp -->
        <test-method status="PASS" signature="SuperAdminValidLoginTest()[pri:0, instance:WebApp.Salesarchitect.testcases.LoginPageTestCases@22f71333]" name="SuperAdminValidLoginTest" duration-ms="6876" started-at="2022-03-01T13:44:22Z" finished-at="2022-03-01T13:44:29Z">
          <reporter-output>
          </reporter-output>
        </test-method> <!-- SuperAdminValidLoginTest -->
        <test-method status="PASS" signature="tearDown()[pri:0, instance:WebApp.Salesarchitect.testcases.LoginPageTestCases@22f71333]" name="tearDown" is-config="true" duration-ms="1114" started-at="2022-03-01T13:44:29Z" finished-at="2022-03-01T13:44:30Z">
          <reporter-output>
          </reporter-output>
        </test-method> <!-- tearDown -->
        <test-method status="PASS" signature="setUp()[pri:0, instance:WebApp.Salesarchitect.testcases.LoginPageTestCases@22f71333]" name="setUp" is-config="true" duration-ms="6817" started-at="2022-03-01T13:44:30Z" finished-at="2022-03-01T13:44:37Z">
          <reporter-output>
          </reporter-output>
        </test-method> <!-- setUp -->
        <test-method status="PASS" signature="testCommunityAdminValidLogin()[pri:0, instance:WebApp.Salesarchitect.testcases.LoginPageTestCases@22f71333]" name="testCommunityAdminValidLogin" duration-ms="6985" started-at="2022-03-01T13:44:37Z" finished-at="2022-03-01T13:44:44Z">
          <reporter-output>
          </reporter-output>
        </test-method> <!-- testCommunityAdminValidLogin -->
        <test-method status="PASS" signature="tearDown()[pri:0, instance:WebApp.Salesarchitect.testcases.LoginPageTestCases@22f71333]" name="tearDown" is-config="true" duration-ms="1294" started-at="2022-03-01T13:44:44Z" finished-at="2022-03-01T13:44:45Z">
          <reporter-output>
          </reporter-output>
        </test-method> <!-- tearDown -->
      </class> <!-- WebApp.Salesarchitect.testcases.LoginPageTestCases -->
      <class name="WebApp.Salesarchitect.testcases.HomePageTestCases">
        <test-method status="PASS" signature="setUp()[pri:0, instance:WebApp.Salesarchitect.testcases.HomePageTestCases@13969fbe]" name="setUp" is-config="true" duration-ms="12140" started-at="2022-03-01T13:44:45Z" finished-at="2022-03-01T13:44:58Z">
          <reporter-output>
          </reporter-output>
        </test-method> <!-- setUp -->
        <test-method status="PASS" signature="associateSVGMasterPlanTest()[pri:0, instance:WebApp.Salesarchitect.testcases.HomePageTestCases@13969fbe]" name="associateSVGMasterPlanTest" duration-ms="16832" started-at="2022-03-01T13:44:58Z" finished-at="2022-03-01T13:45:14Z">
          <reporter-output>
          </reporter-output>
        </test-method> <!-- associateSVGMasterPlanTest -->
        <test-method status="PASS" signature="tearDown()[pri:0, instance:WebApp.Salesarchitect.testcases.HomePageTestCases@13969fbe]" name="tearDown" is-config="true" duration-ms="1229" started-at="2022-03-01T13:45:14Z" finished-at="2022-03-01T13:45:16Z">
          <reporter-output>
          </reporter-output>
        </test-method> <!-- tearDown -->
        <test-method status="PASS" signature="setUp()[pri:0, instance:WebApp.Salesarchitect.testcases.HomePageTestCases@13969fbe]" name="setUp" is-config="true" duration-ms="14140" started-at="2022-03-01T13:45:16Z" finished-at="2022-03-01T13:45:30Z">
          <reporter-output>
          </reporter-output>
        </test-method> <!-- setUp -->
        <test-method status="PASS" signature="clearSearchLinkTest()[pri:0, instance:WebApp.Salesarchitect.testcases.HomePageTestCases@13969fbe]" name="clearSearchLinkTest" duration-ms="10859" started-at="2022-03-01T13:45:30Z" finished-at="2022-03-01T13:45:41Z">
          <reporter-output>
          </reporter-output>
        </test-method> <!-- clearSearchLinkTest -->
        <test-method status="PASS" signature="tearDown()[pri:0, instance:WebApp.Salesarchitect.testcases.HomePageTestCases@13969fbe]" name="tearDown" is-config="true" duration-ms="1896" started-at="2022-03-01T13:45:41Z" finished-at="2022-03-01T13:45:43Z">
          <reporter-output>
          </reporter-output>
        </test-method> <!-- tearDown -->
        <test-method status="PASS" signature="setUp()[pri:0, instance:WebApp.Salesarchitect.testcases.HomePageTestCases@13969fbe]" name="setUp" is-config="true" duration-ms="13290" started-at="2022-03-01T13:45:43Z" finished-at="2022-03-01T13:45:56Z">
          <reporter-output>
          </reporter-output>
        </test-method> <!-- setUp -->
        <test-method status="PASS" signature="communitySearchBoxByBuilderNameTest()[pri:0, instance:WebApp.Salesarchitect.testcases.HomePageTestCases@13969fbe]" name="communitySearchBoxByBuilderNameTest" duration-ms="13347" started-at="2022-03-01T13:45:56Z" finished-at="2022-03-01T13:46:09Z">
          <reporter-output>
          </reporter-output>
        </test-method> <!-- communitySearchBoxByBuilderNameTest -->
        <test-method status="PASS" signature="tearDown()[pri:0, instance:WebApp.Salesarchitect.testcases.HomePageTestCases@13969fbe]" name="tearDown" is-config="true" duration-ms="1246" started-at="2022-03-01T13:46:09Z" finished-at="2022-03-01T13:46:10Z">
          <reporter-output>
          </reporter-output>
        </test-method> <!-- tearDown -->
        <test-method status="PASS" signature="setUp()[pri:0, instance:WebApp.Salesarchitect.testcases.HomePageTestCases@13969fbe]" name="setUp" is-config="true" duration-ms="13720" started-at="2022-03-01T13:46:10Z" finished-at="2022-03-01T13:46:24Z">
          <reporter-output>
          </reporter-output>
        </test-method> <!-- setUp -->
        <test-method status="PASS" signature="communitySearchBoxByCommunityNameTest()[pri:0, instance:WebApp.Salesarchitect.testcases.HomePageTestCases@13969fbe]" name="communitySearchBoxByCommunityNameTest" duration-ms="6605" started-at="2022-03-01T13:46:24Z" finished-at="2022-03-01T13:46:31Z">
          <reporter-output>
          </reporter-output>
        </test-method> <!-- communitySearchBoxByCommunityNameTest -->
        <test-method status="PASS" signature="tearDown()[pri:0, instance:WebApp.Salesarchitect.testcases.HomePageTestCases@13969fbe]" name="tearDown" is-config="true" duration-ms="1243" started-at="2022-03-01T13:46:31Z" finished-at="2022-03-01T13:46:32Z">
          <reporter-output>
          </reporter-output>
        </test-method> <!-- tearDown -->
        <test-method status="PASS" signature="setUp()[pri:0, instance:WebApp.Salesarchitect.testcases.HomePageTestCases@13969fbe]" name="setUp" is-config="true" duration-ms="12941" started-at="2022-03-01T13:46:32Z" finished-at="2022-03-01T13:46:45Z">
          <reporter-output>
          </reporter-output>
        </test-method> <!-- setUp -->
        <test-method status="PASS" signature="geoSpatialSitePlanJsonLinkTest()[pri:0, instance:WebApp.Salesarchitect.testcases.HomePageTestCases@13969fbe]" name="geoSpatialSitePlanJsonLinkTest" duration-ms="17076" started-at="2022-03-01T13:46:45Z" finished-at="2022-03-01T13:47:02Z">
          <reporter-output>
          </reporter-output>
        </test-method> <!-- geoSpatialSitePlanJsonLinkTest -->
        <test-method status="PASS" signature="tearDown()[pri:0, instance:WebApp.Salesarchitect.testcases.HomePageTestCases@13969fbe]" name="tearDown" is-config="true" duration-ms="3282" started-at="2022-03-01T13:47:02Z" finished-at="2022-03-01T13:47:05Z">
          <reporter-output>
          </reporter-output>
        </test-method> <!-- tearDown -->
        <test-method status="PASS" signature="setUp()[pri:0, instance:WebApp.Salesarchitect.testcases.HomePageTestCases@13969fbe]" name="setUp" is-config="true" duration-ms="12198" started-at="2022-03-01T13:47:05Z" finished-at="2022-03-01T13:47:17Z">
          <reporter-output>
          </reporter-output>
        </test-method> <!-- setUp -->
        <test-method status="SKIP" signature="geoSpatialSitePlanSvgGeoLinkTest()[pri:0, instance:WebApp.Salesarchitect.testcases.HomePageTestCases@13969fbe]" name="geoSpatialSitePlanSvgGeoLinkTest" duration-ms="27065" started-at="2022-03-01T13:47:17Z" finished-at="2022-03-01T13:47:45Z">
          <exception class="org.openqa.selenium.NoSuchElementException">
            <message>
              <![CDATA[no such element: Unable to locate element: {"method":"xpath","selector":"//*[name()='svg']//*[local-name()='polygon' and @id='Lot_81']"}
  (Session info: chrome=98.0.4758.102)
For documentation on this error, please visit: https://www.seleniumhq.org/exceptions/no_such_element.html
Build info: version: '3.141.59', revision: 'e82be7d358', time: '2018-11-14T08:17:03'
System info: host: 'EXIPC0120', ip: '172.17.10.238', os.name: 'Windows 10', os.arch: 'amd64', os.version: '10.0', java.version: '1.8.0_201'
Driver info: org.openqa.selenium.chrome.ChromeDriver
Capabilities {acceptInsecureCerts: false, browserName: chrome, browserVersion: 98.0.4758.102, chrome: {chromedriverVersion: 98.0.4758.80 (7f0488e8ba0d8..., userDataDir: C:\Users\SCHOUD~1\AppData\L...}, goog:chromeOptions: {debuggerAddress: localhost:65193}, javascriptEnabled: true, networkConnectionEnabled: false, pageLoadStrategy: normal, platform: WINDOWS, platformName: WINDOWS, proxy: Proxy(), setWindowRect: true, strictFileInteractability: false, timeouts: {implicit: 0, pageLoad: 300000, script: 30000}, unhandledPromptBehavior: dismiss and notify, webauthn:extension:credBlob: true, webauthn:extension:largeBlob: true, webauthn:virtualAuthenticators: true}
Session ID: 4f8eb52fd0a4ba9b153a99a12fcbc65c
*** Element info: {Using=xpath, value=//*[name()='svg']//*[local-name()='polygon' and @id='Lot_81']}]]>
            </message>
            <full-stacktrace>
              <![CDATA[org.openqa.selenium.NoSuchElementException: no such element: Unable to locate element: {"method":"xpath","selector":"//*[name()='svg']//*[local-name()='polygon' and @id='Lot_81']"}
  (Session info: chrome=98.0.4758.102)
For documentation on this error, please visit: https://www.seleniumhq.org/exceptions/no_such_element.html
Build info: version: '3.141.59', revision: 'e82be7d358', time: '2018-11-14T08:17:03'
System info: host: 'EXIPC0120', ip: '172.17.10.238', os.name: 'Windows 10', os.arch: 'amd64', os.version: '10.0', java.version: '1.8.0_201'
Driver info: org.openqa.selenium.chrome.ChromeDriver
Capabilities {acceptInsecureCerts: false, browserName: chrome, browserVersion: 98.0.4758.102, chrome: {chromedriverVersion: 98.0.4758.80 (7f0488e8ba0d8..., userDataDir: C:\Users\SCHOUD~1\AppData\L...}, goog:chromeOptions: {debuggerAddress: localhost:65193}, javascriptEnabled: true, networkConnectionEnabled: false, pageLoadStrategy: normal, platform: WINDOWS, platformName: WINDOWS, proxy: Proxy(), setWindowRect: true, strictFileInteractability: false, timeouts: {implicit: 0, pageLoad: 300000, script: 30000}, unhandledPromptBehavior: dismiss and notify, webauthn:extension:credBlob: true, webauthn:extension:largeBlob: true, webauthn:virtualAuthenticators: true}
Session ID: 4f8eb52fd0a4ba9b153a99a12fcbc65c
*** Element info: {Using=xpath, value=//*[name()='svg']//*[local-name()='polygon' and @id='Lot_81']}
	at sun.reflect.NativeConstructorAccessorImpl.newInstance0(Native Method)
	at sun.reflect.NativeConstructorAccessorImpl.newInstance(Unknown Source)
	at sun.reflect.DelegatingConstructorAccessorImpl.newInstance(Unknown Source)
	at java.lang.reflect.Constructor.newInstance(Unknown Source)
	at org.openqa.selenium.remote.http.W3CHttpResponseCodec.createException(W3CHttpResponseCodec.java:187)
	at org.openqa.selenium.remote.http.W3CHttpResponseCodec.decode(W3CHttpResponseCodec.java:122)
	at org.openqa.selenium.remote.http.W3CHttpResponseCodec.decode(W3CHttpResponseCodec.java:49)
	at org.openqa.selenium.remote.HttpCommandExecutor.execute(HttpCommandExecutor.java:158)
	at org.openqa.selenium.remote.service.DriverCommandExecutor.execute(DriverCommandExecutor.java:83)
	at org.openqa.selenium.remote.RemoteWebDriver.execute(RemoteWebDriver.java:552)
	at org.openqa.selenium.remote.RemoteWebDriver.findElement(RemoteWebDriver.java:323)
	at org.openqa.selenium.remote.RemoteWebDriver.findElementByXPath(RemoteWebDriver.java:428)
	at org.openqa.selenium.By$ByXPath.findElement(By.java:353)
	at org.openqa.selenium.remote.RemoteWebDriver.findElement(RemoteWebDriver.java:315)
	at sun.reflect.GeneratedMethodAccessor4.invoke(Unknown Source)
	at sun.reflect.DelegatingMethodAccessorImpl.invoke(Unknown Source)
	at java.lang.reflect.Method.invoke(Unknown Source)
	at org.openqa.selenium.support.events.EventFiringWebDriver.lambda$new$1(EventFiringWebDriver.java:105)
	at com.sun.proxy.$Proxy7.findElement(Unknown Source)
	at org.openqa.selenium.support.events.EventFiringWebDriver.findElement(EventFiringWebDriver.java:194)
	at org.openqa.selenium.support.pagefactory.DefaultElementLocator.findElement(DefaultElementLocator.java:69)
	at org.openqa.selenium.support.pagefactory.internal.LocatingElementHandler.invoke(LocatingElementHandler.java:38)
	at com.sun.proxy.$Proxy11.isDisplayed(Unknown Source)
	at WebApp.Salesarchitect.Pages.HomePage.geoSpatialSitePlanSvgGeoLink(HomePage.java:648)
	at WebApp.Salesarchitect.testcases.HomePageTestCases.geoSpatialSitePlanSvgGeoLinkTest(HomePageTestCases.java:201)
	at sun.reflect.NativeMethodAccessorImpl.invoke0(Native Method)
	at sun.reflect.NativeMethodAccessorImpl.invoke(Unknown Source)
	at sun.reflect.DelegatingMethodAccessorImpl.invoke(Unknown Source)
	at java.lang.reflect.Method.invoke(Unknown Source)
	at org.testng.internal.MethodInvocationHelper.invokeMethod(MethodInvocationHelper.java:86)
	at org.testng.internal.Invoker.invokeMethod(Invoker.java:643)
	at org.testng.internal.Invoker.invokeTestMethod(Invoker.java:820)
	at org.testng.internal.Invoker.invokeTestMethods(Invoker.java:1128)
	at org.testng.internal.TestMethodWorker.invokeTestMethods(TestMethodWorker.java:129)
	at org.testng.internal.TestMethodWorker.run(TestMethodWorker.java:112)
	at org.testng.TestRunner.privateRun(TestRunner.java:782)
	at org.testng.TestRunner.run(TestRunner.java:632)
	at org.testng.SuiteRunner.runTest(SuiteRunner.java:366)
	at org.testng.SuiteRunner.runSequentially(SuiteRunner.java:361)
	at org.testng.SuiteRunner.privateRun(SuiteRunner.java:319)
	at org.testng.SuiteRunner.run(SuiteRunner.java:268)
	at org.testng.SuiteRunnerWorker.runSuite(SuiteRunnerWorker.java:52)
	at org.testng.SuiteRunnerWorker.run(SuiteRunnerWorker.java:86)
	at org.testng.TestNG.runSuitesSequentially(TestNG.java:1244)
	at org.testng.TestNG.runSuitesLocally(TestNG.java:1169)
	at org.testng.TestNG.run(TestNG.java:1064)
	at org.apache.maven.surefire.testng.TestNGExecutor.run(TestNGExecutor.java:295)
	at org.apache.maven.surefire.testng.TestNGXmlTestSuite.execute(TestNGXmlTestSuite.java:84)
	at org.apache.maven.surefire.testng.TestNGProvider.invoke(TestNGProvider.java:90)
	at org.apache.maven.surefire.booter.ForkedBooter.invokeProviderInSameClassLoader(ForkedBooter.java:203)
	at org.apache.maven.surefire.booter.ForkedBooter.runSuitesInProcess(ForkedBooter.java:155)
	at org.apache.maven.surefire.booter.ForkedBooter.main(ForkedBooter.java:103)
]]>
            </full-stacktrace>
          </exception> <!-- org.openqa.selenium.NoSuchElementException -->
          <reporter-output>
          </reporter-output>
        </test-method> <!-- geoSpatialSitePlanSvgGeoLinkTest -->
        <test-method status="PASS" signature="tearDown()[pri:0, instance:WebApp.Salesarchitect.testcases.HomePageTestCases@13969fbe]" name="tearDown" is-config="true" duration-ms="1776" started-at="2022-03-01T13:47:45Z" finished-at="2022-03-01T13:47:46Z">
          <reporter-output>
          </reporter-output>
        </test-method> <!-- tearDown -->
        <test-method status="PASS" signature="setUp()[pri:0, instance:WebApp.Salesarchitect.testcases.HomePageTestCases@13969fbe]" name="setUp" is-config="true" duration-ms="13184" started-at="2022-03-01T13:47:46Z" finished-at="2022-03-01T13:47:59Z">
          <reporter-output>
          </reporter-output>
        </test-method> <!-- setUp -->
        <test-method status="SKIP" signature="geoSpatialSitePlanSvgGeoLinkTest()[pri:0, instance:WebApp.Salesarchitect.testcases.HomePageTestCases@13969fbe]" name="geoSpatialSitePlanSvgGeoLinkTest" duration-ms="28535" started-at="2022-03-01T13:47:59Z" finished-at="2022-03-01T13:48:28Z">
          <exception class="org.openqa.selenium.NoSuchElementException">
            <message>
              <![CDATA[no such element: Unable to locate element: {"method":"xpath","selector":"//*[name()='svg']//*[local-name()='polygon' and @id='Lot_81']"}
  (Session info: chrome=98.0.4758.102)
For documentation on this error, please visit: https://www.seleniumhq.org/exceptions/no_such_element.html
Build info: version: '3.141.59', revision: 'e82be7d358', time: '2018-11-14T08:17:03'
System info: host: 'EXIPC0120', ip: '172.17.10.238', os.name: 'Windows 10', os.arch: 'amd64', os.version: '10.0', java.version: '1.8.0_201'
Driver info: org.openqa.selenium.chrome.ChromeDriver
Capabilities {acceptInsecureCerts: false, browserName: chrome, browserVersion: 98.0.4758.102, chrome: {chromedriverVersion: 98.0.4758.80 (7f0488e8ba0d8..., userDataDir: C:\Users\SCHOUD~1\AppData\L...}, goog:chromeOptions: {debuggerAddress: localhost:65317}, javascriptEnabled: true, networkConnectionEnabled: false, pageLoadStrategy: normal, platform: WINDOWS, platformName: WINDOWS, proxy: Proxy(), setWindowRect: true, strictFileInteractability: false, timeouts: {implicit: 0, pageLoad: 300000, script: 30000}, unhandledPromptBehavior: dismiss and notify, webauthn:extension:credBlob: true, webauthn:extension:largeBlob: true, webauthn:virtualAuthenticators: true}
Session ID: 4b4a03223e5695be856cc4662182b902
*** Element info: {Using=xpath, value=//*[name()='svg']//*[local-name()='polygon' and @id='Lot_81']}]]>
            </message>
            <full-stacktrace>
              <![CDATA[org.openqa.selenium.NoSuchElementException: no such element: Unable to locate element: {"method":"xpath","selector":"//*[name()='svg']//*[local-name()='polygon' and @id='Lot_81']"}
  (Session info: chrome=98.0.4758.102)
For documentation on this error, please visit: https://www.seleniumhq.org/exceptions/no_such_element.html
Build info: version: '3.141.59', revision: 'e82be7d358', time: '2018-11-14T08:17:03'
System info: host: 'EXIPC0120', ip: '172.17.10.238', os.name: 'Windows 10', os.arch: 'amd64', os.version: '10.0', java.version: '1.8.0_201'
Driver info: org.openqa.selenium.chrome.ChromeDriver
Capabilities {acceptInsecureCerts: false, browserName: chrome, browserVersion: 98.0.4758.102, chrome: {chromedriverVersion: 98.0.4758.80 (7f0488e8ba0d8..., userDataDir: C:\Users\SCHOUD~1\AppData\L...}, goog:chromeOptions: {debuggerAddress: localhost:65317}, javascriptEnabled: true, networkConnectionEnabled: false, pageLoadStrategy: normal, platform: WINDOWS, platformName: WINDOWS, proxy: Proxy(), setWindowRect: true, strictFileInteractability: false, timeouts: {implicit: 0, pageLoad: 300000, script: 30000}, unhandledPromptBehavior: dismiss and notify, webauthn:extension:credBlob: true, webauthn:extension:largeBlob: true, webauthn:virtualAuthenticators: true}
Session ID: 4b4a03223e5695be856cc4662182b902
*** Element info: {Using=xpath, value=//*[name()='svg']//*[local-name()='polygon' and @id='Lot_81']}
	at sun.reflect.NativeConstructorAccessorImpl.newInstance0(Native Method)
	at sun.reflect.NativeConstructorAccessorImpl.newInstance(Unknown Source)
	at sun.reflect.DelegatingConstructorAccessorImpl.newInstance(Unknown Source)
	at java.lang.reflect.Constructor.newInstance(Unknown Source)
	at org.openqa.selenium.remote.http.W3CHttpResponseCodec.createException(W3CHttpResponseCodec.java:187)
	at org.openqa.selenium.remote.http.W3CHttpResponseCodec.decode(W3CHttpResponseCodec.java:122)
	at org.openqa.selenium.remote.http.W3CHttpResponseCodec.decode(W3CHttpResponseCodec.java:49)
	at org.openqa.selenium.remote.HttpCommandExecutor.execute(HttpCommandExecutor.java:158)
	at org.openqa.selenium.remote.service.DriverCommandExecutor.execute(DriverCommandExecutor.java:83)
	at org.openqa.selenium.remote.RemoteWebDriver.execute(RemoteWebDriver.java:552)
	at org.openqa.selenium.remote.RemoteWebDriver.findElement(RemoteWebDriver.java:323)
	at org.openqa.selenium.remote.RemoteWebDriver.findElementByXPath(RemoteWebDriver.java:428)
	at org.openqa.selenium.By$ByXPath.findElement(By.java:353)
	at org.openqa.selenium.remote.RemoteWebDriver.findElement(RemoteWebDriver.java:315)
	at sun.reflect.GeneratedMethodAccessor4.invoke(Unknown Source)
	at sun.reflect.DelegatingMethodAccessorImpl.invoke(Unknown Source)
	at java.lang.reflect.Method.invoke(Unknown Source)
	at org.openqa.selenium.support.events.EventFiringWebDriver.lambda$new$1(EventFiringWebDriver.java:105)
	at com.sun.proxy.$Proxy7.findElement(Unknown Source)
	at org.openqa.selenium.support.events.EventFiringWebDriver.findElement(EventFiringWebDriver.java:194)
	at org.openqa.selenium.support.pagefactory.DefaultElementLocator.findElement(DefaultElementLocator.java:69)
	at org.openqa.selenium.support.pagefactory.internal.LocatingElementHandler.invoke(LocatingElementHandler.java:38)
	at com.sun.proxy.$Proxy11.isDisplayed(Unknown Source)
	at WebApp.Salesarchitect.Pages.HomePage.geoSpatialSitePlanSvgGeoLink(HomePage.java:648)
	at WebApp.Salesarchitect.testcases.HomePageTestCases.geoSpatialSitePlanSvgGeoLinkTest(HomePageTestCases.java:201)
	at sun.reflect.NativeMethodAccessorImpl.invoke0(Native Method)
	at sun.reflect.NativeMethodAccessorImpl.invoke(Unknown Source)
	at sun.reflect.DelegatingMethodAccessorImpl.invoke(Unknown Source)
	at java.lang.reflect.Method.invoke(Unknown Source)
	at org.testng.internal.MethodInvocationHelper.invokeMethod(MethodInvocationHelper.java:86)
	at org.testng.internal.Invoker.invokeMethod(Invoker.java:643)
	at org.testng.internal.Invoker.retryFailed(Invoker.java:967)
	at org.testng.internal.Invoker.invokeTestMethods(Invoker.java:1146)
	at org.testng.internal.TestMethodWorker.invokeTestMethods(TestMethodWorker.java:129)
	at org.testng.internal.TestMethodWorker.run(TestMethodWorker.java:112)
	at org.testng.TestRunner.privateRun(TestRunner.java:782)
	at org.testng.TestRunner.run(TestRunner.java:632)
	at org.testng.SuiteRunner.runTest(SuiteRunner.java:366)
	at org.testng.SuiteRunner.runSequentially(SuiteRunner.java:361)
	at org.testng.SuiteRunner.privateRun(SuiteRunner.java:319)
	at org.testng.SuiteRunner.run(SuiteRunner.java:268)
	at org.testng.SuiteRunnerWorker.runSuite(SuiteRunnerWorker.java:52)
	at org.testng.SuiteRunnerWorker.run(SuiteRunnerWorker.java:86)
	at org.testng.TestNG.runSuitesSequentially(TestNG.java:1244)
	at org.testng.TestNG.runSuitesLocally(TestNG.java:1169)
	at org.testng.TestNG.run(TestNG.java:1064)
	at org.apache.maven.surefire.testng.TestNGExecutor.run(TestNGExecutor.java:295)
	at org.apache.maven.surefire.testng.TestNGXmlTestSuite.execute(TestNGXmlTestSuite.java:84)
	at org.apache.maven.surefire.testng.TestNGProvider.invoke(TestNGProvider.java:90)
	at org.apache.maven.surefire.booter.ForkedBooter.invokeProviderInSameClassLoader(ForkedBooter.java:203)
	at org.apache.maven.surefire.booter.ForkedBooter.runSuitesInProcess(ForkedBooter.java:155)
	at org.apache.maven.surefire.booter.ForkedBooter.main(ForkedBooter.java:103)
]]>
            </full-stacktrace>
          </exception> <!-- org.openqa.selenium.NoSuchElementException -->
          <reporter-output>
          </reporter-output>
        </test-method> <!-- geoSpatialSitePlanSvgGeoLinkTest -->
        <test-method status="PASS" signature="tearDown()[pri:0, instance:WebApp.Salesarchitect.testcases.HomePageTestCases@13969fbe]" name="tearDown" is-config="true" duration-ms="1857" started-at="2022-03-01T13:48:28Z" finished-at="2022-03-01T13:48:30Z">
          <reporter-output>
          </reporter-output>
        </test-method> <!-- tearDown -->
        <test-method status="PASS" signature="setUp()[pri:0, instance:WebApp.Salesarchitect.testcases.HomePageTestCases@13969fbe]" name="setUp" is-config="true" duration-ms="12638" started-at="2022-03-01T13:48:30Z" finished-at="2022-03-01T13:48:43Z">
          <reporter-output>
          </reporter-output>
        </test-method> <!-- setUp -->
        <test-method status="PASS" signature="geoSpatialSitePlanSvgGeoLinkTest()[pri:0, instance:WebApp.Salesarchitect.testcases.HomePageTestCases@13969fbe]" name="geoSpatialSitePlanSvgGeoLinkTest" duration-ms="10894" started-at="2022-03-01T13:48:43Z" finished-at="2022-03-01T13:48:53Z">
          <reporter-output>
          </reporter-output>
        </test-method> <!-- geoSpatialSitePlanSvgGeoLinkTest -->
        <test-method status="PASS" signature="tearDown()[pri:0, instance:WebApp.Salesarchitect.testcases.HomePageTestCases@13969fbe]" name="tearDown" is-config="true" duration-ms="2216" started-at="2022-03-01T13:48:53Z" finished-at="2022-03-01T13:48:56Z">
          <reporter-output>
          </reporter-output>
        </test-method> <!-- tearDown -->
        <test-method status="PASS" signature="setUp()[pri:0, instance:WebApp.Salesarchitect.testcases.HomePageTestCases@13969fbe]" name="setUp" is-config="true" duration-ms="13009" started-at="2022-03-01T13:48:56Z" finished-at="2022-03-01T13:49:09Z">
          <reporter-output>
          </reporter-output>
        </test-method> <!-- setUp -->
        <test-method status="PASS" signature="isApikeyValueTest()[pri:0, instance:WebApp.Salesarchitect.testcases.HomePageTestCases@13969fbe]" name="isApikeyValueTest" duration-ms="2372" started-at="2022-03-01T13:49:09Z" finished-at="2022-03-01T13:49:11Z">
          <reporter-output>
          </reporter-output>
        </test-method> <!-- isApikeyValueTest -->
        <test-method status="PASS" signature="tearDown()[pri:0, instance:WebApp.Salesarchitect.testcases.HomePageTestCases@13969fbe]" name="tearDown" is-config="true" duration-ms="1443" started-at="2022-03-01T13:49:11Z" finished-at="2022-03-01T13:49:12Z">
          <reporter-output>
          </reporter-output>
        </test-method> <!-- tearDown -->
        <test-method status="PASS" signature="setUp()[pri:0, instance:WebApp.Salesarchitect.testcases.HomePageTestCases@13969fbe]" name="setUp" is-config="true" duration-ms="11884" started-at="2022-03-01T13:49:12Z" finished-at="2022-03-01T13:49:24Z">
          <reporter-output>
          </reporter-output>
        </test-method> <!-- setUp -->
        <test-method status="PASS" signature="logOffTest()[pri:0, instance:WebApp.Salesarchitect.testcases.HomePageTestCases@13969fbe]" name="logOffTest" duration-ms="1090" started-at="2022-03-01T13:49:24Z" finished-at="2022-03-01T13:49:25Z">
          <reporter-output>
          </reporter-output>
        </test-method> <!-- logOffTest -->
        <test-method status="PASS" signature="tearDown()[pri:0, instance:WebApp.Salesarchitect.testcases.HomePageTestCases@13969fbe]" name="tearDown" is-config="true" duration-ms="1027" started-at="2022-03-01T13:49:25Z" finished-at="2022-03-01T13:49:26Z">
          <reporter-output>
          </reporter-output>
        </test-method> <!-- tearDown -->
        <test-method status="PASS" signature="setUp()[pri:0, instance:WebApp.Salesarchitect.testcases.HomePageTestCases@13969fbe]" name="setUp" is-config="true" duration-ms="11892" started-at="2022-03-01T13:49:28Z" finished-at="2022-03-01T13:49:40Z">
          <reporter-output>
          </reporter-output>
        </test-method> <!-- setUp -->
        <test-method status="PASS" signature="manageLotsFillDataTestExcel(java.lang.String, java.lang.String, java.lang.String, java.lang.String, java.lang.String, java.lang.String, java.lang.String, java.lang.String, java.lang.String, java.lang.String, java.lang.String, java.lang.String)[pri:0, instance:WebApp.Salesarchitect.testcases.HomePageTestCases@13969fbe]" name="manageLotsFillDataTestExcel" duration-ms="13518" started-at="2022-03-01T13:49:40Z" data-provider="getManageLotData" finished-at="2022-03-01T13:49:54Z">
          <params>
            <param index="0">
              <value>
                <![CDATA[Model]]>
              </value>
            </param>
            <param index="1">
              <value>
                <![CDATA[selenium01]]>
              </value>
            </param>
            <param index="2">
              <value>
                <![CDATA[3600 Sq feet]]>
              </value>
            </param>
            <param index="3">
              <value>
                <![CDATA[1000.0]]>
              </value>
            </param>
            <param index="4">
              <value>
                <![CDATA[BBBxl]]>
              </value>
            </param>
            <param index="5">
              <value>
                <![CDATA[PPPxl]]>
              </value>
            </param>
            <param index="6">
              <value>
                <![CDATA[Fifth Floorxl]]>
              </value>
            </param>
            <param index="7">
              <value>
                <![CDATA[Front xl]]>
              </value>
            </param>
            <param index="8">
              <value>
                <![CDATA[This is Selenium added text. Lot is ready for Sale xl]]>
              </value>
            </param>
            <param index="9">
              <value>
                <![CDATA[House no -3600, Law lane xl]]>
              </value>
            </param>
            <param index="10">
              <value>
                <![CDATA[Https://www.facebook.com]]>
              </value>
            </param>
            <param index="11">
              <value>
                <![CDATA[Selenium LinkXL]]>
              </value>
            </param>
          </params>
          <reporter-output>
          </reporter-output>
        </test-method> <!-- manageLotsFillDataTestExcel -->
        <test-method status="PASS" signature="tearDown()[pri:0, instance:WebApp.Salesarchitect.testcases.HomePageTestCases@13969fbe]" name="tearDown" is-config="true" duration-ms="1309" started-at="2022-03-01T13:49:54Z" finished-at="2022-03-01T13:49:55Z">
          <reporter-output>
          </reporter-output>
        </test-method> <!-- tearDown -->
        <test-method status="PASS" signature="setUp()[pri:0, instance:WebApp.Salesarchitect.testcases.HomePageTestCases@13969fbe]" name="setUp" is-config="true" duration-ms="12696" started-at="2022-03-01T13:49:55Z" finished-at="2022-03-01T13:50:08Z">
          <reporter-output>
          </reporter-output>
        </test-method> <!-- setUp -->
        <test-method status="PASS" signature="previewSVGMasterPlanLinkTest()[pri:0, instance:WebApp.Salesarchitect.testcases.HomePageTestCases@13969fbe]" name="previewSVGMasterPlanLinkTest" duration-ms="10060" started-at="2022-03-01T13:50:08Z" finished-at="2022-03-01T13:50:18Z">
          <reporter-output>
          </reporter-output>
        </test-method> <!-- previewSVGMasterPlanLinkTest -->
        <test-method status="PASS" signature="tearDown()[pri:0, instance:WebApp.Salesarchitect.testcases.HomePageTestCases@13969fbe]" name="tearDown" is-config="true" duration-ms="1629" started-at="2022-03-01T13:50:18Z" finished-at="2022-03-01T13:50:19Z">
          <reporter-output>
          </reporter-output>
        </test-method> <!-- tearDown -->
        <test-method status="PASS" signature="setUp()[pri:0, instance:WebApp.Salesarchitect.testcases.HomePageTestCases@13969fbe]" name="setUp" is-config="true" duration-ms="12648" started-at="2022-03-01T13:50:19Z" finished-at="2022-03-01T13:50:32Z">
          <reporter-output>
          </reporter-output>
        </test-method> <!-- setUp -->
        <test-method status="PASS" signature="siteOverviewLinkTest()[pri:0, instance:WebApp.Salesarchitect.testcases.HomePageTestCases@13969fbe]" name="siteOverviewLinkTest" duration-ms="13114" started-at="2022-03-01T13:50:32Z" finished-at="2022-03-01T13:50:45Z">
          <reporter-output>
          </reporter-output>
        </test-method> <!-- siteOverviewLinkTest -->
        <test-method status="PASS" signature="tearDown()[pri:0, instance:WebApp.Salesarchitect.testcases.HomePageTestCases@13969fbe]" name="tearDown" is-config="true" duration-ms="1831" started-at="2022-03-01T13:50:45Z" finished-at="2022-03-01T13:50:47Z">
          <reporter-output>
          </reporter-output>
        </test-method> <!-- tearDown -->
        <test-method status="PASS" signature="setUp()[pri:0, instance:WebApp.Salesarchitect.testcases.HomePageTestCases@13969fbe]" name="setUp" is-config="true" duration-ms="12361" started-at="2022-03-01T13:50:47Z" finished-at="2022-03-01T13:50:59Z">
          <reporter-output>
          </reporter-output>
        </test-method> <!-- setUp -->
        <test-method status="PASS" signature="sitePreviewLinkTest()[pri:0, instance:WebApp.Salesarchitect.testcases.HomePageTestCases@13969fbe]" name="sitePreviewLinkTest" duration-ms="12219" started-at="2022-03-01T13:50:59Z" finished-at="2022-03-01T13:51:11Z">
          <reporter-output>
          </reporter-output>
        </test-method> <!-- sitePreviewLinkTest -->
        <test-method status="PASS" signature="tearDown()[pri:0, instance:WebApp.Salesarchitect.testcases.HomePageTestCases@13969fbe]" name="tearDown" is-config="true" duration-ms="1995" started-at="2022-03-01T13:51:11Z" finished-at="2022-03-01T13:51:13Z">
          <reporter-output>
          </reporter-output>
        </test-method> <!-- tearDown -->
        <test-method status="PASS" signature="setUp()[pri:0, instance:WebApp.Salesarchitect.testcases.HomePageTestCases@13969fbe]" name="setUp" is-config="true" duration-ms="11859" started-at="2022-03-01T13:51:13Z" finished-at="2022-03-01T13:51:25Z">
          <reporter-output>
          </reporter-output>
        </test-method> <!-- setUp -->
        <test-method status="SKIP" signature="uploadSVGMasterPlanTest()[pri:0, instance:WebApp.Salesarchitect.testcases.HomePageTestCases@13969fbe]" name="uploadSVGMasterPlanTest" duration-ms="21617" started-at="2022-03-01T13:51:25Z" finished-at="2022-03-01T13:51:47Z">
          <exception class="org.openqa.selenium.ElementClickInterceptedException">
            <message>
              <![CDATA[element click intercepted: Element <td role="gridcell" style="text-align:center;" title="..." aria-describedby="Communities_cell.Name">Eagle View</td> is not clickable at point (376, 12). Other element would receive the click: <div class="modal-backdrop fade in"></div>
  (Session info: chrome=98.0.4758.102)
Build info: version: '3.141.59', revision: 'e82be7d358', time: '2018-11-14T08:17:03'
System info: host: 'EXIPC0120', ip: '172.17.10.238', os.name: 'Windows 10', os.arch: 'amd64', os.version: '10.0', java.version: '1.8.0_201'
Driver info: org.openqa.selenium.chrome.ChromeDriver
Capabilities {acceptInsecureCerts: false, browserName: chrome, browserVersion: 98.0.4758.102, chrome: {chromedriverVersion: 98.0.4758.80 (7f0488e8ba0d8..., userDataDir: C:\Users\SCHOUD~1\AppData\L...}, goog:chromeOptions: {debuggerAddress: localhost:49389}, javascriptEnabled: true, networkConnectionEnabled: false, pageLoadStrategy: normal, platform: WINDOWS, platformName: WINDOWS, proxy: Proxy(), setWindowRect: true, strictFileInteractability: false, timeouts: {implicit: 0, pageLoad: 300000, script: 30000}, unhandledPromptBehavior: dismiss and notify, webauthn:extension:credBlob: true, webauthn:extension:largeBlob: true, webauthn:virtualAuthenticators: true}
Session ID: 4d3d321a477b64640f0244ba742f387d]]>
            </message>
            <full-stacktrace>
              <![CDATA[org.openqa.selenium.ElementClickInterceptedException: element click intercepted: Element <td role="gridcell" style="text-align:center;" title="..." aria-describedby="Communities_cell.Name">Eagle View</td> is not clickable at point (376, 12). Other element would receive the click: <div class="modal-backdrop fade in"></div>
  (Session info: chrome=98.0.4758.102)
Build info: version: '3.141.59', revision: 'e82be7d358', time: '2018-11-14T08:17:03'
System info: host: 'EXIPC0120', ip: '172.17.10.238', os.name: 'Windows 10', os.arch: 'amd64', os.version: '10.0', java.version: '1.8.0_201'
Driver info: org.openqa.selenium.chrome.ChromeDriver
Capabilities {acceptInsecureCerts: false, browserName: chrome, browserVersion: 98.0.4758.102, chrome: {chromedriverVersion: 98.0.4758.80 (7f0488e8ba0d8..., userDataDir: C:\Users\SCHOUD~1\AppData\L...}, goog:chromeOptions: {debuggerAddress: localhost:49389}, javascriptEnabled: true, networkConnectionEnabled: false, pageLoadStrategy: normal, platform: WINDOWS, platformName: WINDOWS, proxy: Proxy(), setWindowRect: true, strictFileInteractability: false, timeouts: {implicit: 0, pageLoad: 300000, script: 30000}, unhandledPromptBehavior: dismiss and notify, webauthn:extension:credBlob: true, webauthn:extension:largeBlob: true, webauthn:virtualAuthenticators: true}
Session ID: 4d3d321a477b64640f0244ba742f387d
	at sun.reflect.NativeConstructorAccessorImpl.newInstance0(Native Method)
	at sun.reflect.NativeConstructorAccessorImpl.newInstance(Unknown Source)
	at sun.reflect.DelegatingConstructorAccessorImpl.newInstance(Unknown Source)
	at java.lang.reflect.Constructor.newInstance(Unknown Source)
	at org.openqa.selenium.remote.http.W3CHttpResponseCodec.createException(W3CHttpResponseCodec.java:187)
	at org.openqa.selenium.remote.http.W3CHttpResponseCodec.decode(W3CHttpResponseCodec.java:122)
	at org.openqa.selenium.remote.http.W3CHttpResponseCodec.decode(W3CHttpResponseCodec.java:49)
	at org.openqa.selenium.remote.HttpCommandExecutor.execute(HttpCommandExecutor.java:158)
	at org.openqa.selenium.remote.service.DriverCommandExecutor.execute(DriverCommandExecutor.java:83)
	at org.openqa.selenium.remote.RemoteWebDriver.execute(RemoteWebDriver.java:552)
	at org.openqa.selenium.remote.RemoteWebElement.execute(RemoteWebElement.java:285)
	at org.openqa.selenium.remote.RemoteWebElement.click(RemoteWebElement.java:84)
	at sun.reflect.GeneratedMethodAccessor6.invoke(Unknown Source)
	at sun.reflect.DelegatingMethodAccessorImpl.invoke(Unknown Source)
	at java.lang.reflect.Method.invoke(Unknown Source)
	at org.openqa.selenium.support.events.EventFiringWebDriver$EventFiringWebElement.lambda$new$0(EventFiringWebDriver.java:404)
	at com.sun.proxy.$Proxy12.click(Unknown Source)
	at org.openqa.selenium.support.events.EventFiringWebDriver$EventFiringWebElement.click(EventFiringWebDriver.java:417)
	at sun.reflect.GeneratedMethodAccessor6.invoke(Unknown Source)
	at sun.reflect.DelegatingMethodAccessorImpl.invoke(Unknown Source)
	at java.lang.reflect.Method.invoke(Unknown Source)
	at org.openqa.selenium.support.pagefactory.internal.LocatingElementHandler.invoke(LocatingElementHandler.java:51)
	at com.sun.proxy.$Proxy11.click(Unknown Source)
	at WebApp.Salesarchitect.Pages.HomePage.uploadSVGMasterPlan(HomePage.java:755)
	at WebApp.Salesarchitect.testcases.HomePageTestCases.uploadSVGMasterPlanTest(HomePageTestCases.java:257)
	at sun.reflect.NativeMethodAccessorImpl.invoke0(Native Method)
	at sun.reflect.NativeMethodAccessorImpl.invoke(Unknown Source)
	at sun.reflect.DelegatingMethodAccessorImpl.invoke(Unknown Source)
	at java.lang.reflect.Method.invoke(Unknown Source)
	at org.testng.internal.MethodInvocationHelper.invokeMethod(MethodInvocationHelper.java:86)
	at org.testng.internal.Invoker.invokeMethod(Invoker.java:643)
	at org.testng.internal.Invoker.invokeTestMethod(Invoker.java:820)
	at org.testng.internal.Invoker.invokeTestMethods(Invoker.java:1128)
	at org.testng.internal.TestMethodWorker.invokeTestMethods(TestMethodWorker.java:129)
	at org.testng.internal.TestMethodWorker.run(TestMethodWorker.java:112)
	at org.testng.TestRunner.privateRun(TestRunner.java:782)
	at org.testng.TestRunner.run(TestRunner.java:632)
	at org.testng.SuiteRunner.runTest(SuiteRunner.java:366)
	at org.testng.SuiteRunner.runSequentially(SuiteRunner.java:361)
	at org.testng.SuiteRunner.privateRun(SuiteRunner.java:319)
	at org.testng.SuiteRunner.run(SuiteRunner.java:268)
	at org.testng.SuiteRunnerWorker.runSuite(SuiteRunnerWorker.java:52)
	at org.testng.SuiteRunnerWorker.run(SuiteRunnerWorker.java:86)
	at org.testng.TestNG.runSuitesSequentially(TestNG.java:1244)
	at org.testng.TestNG.runSuitesLocally(TestNG.java:1169)
	at org.testng.TestNG.run(TestNG.java:1064)
	at org.apache.maven.surefire.testng.TestNGExecutor.run(TestNGExecutor.java:295)
	at org.apache.maven.surefire.testng.TestNGXmlTestSuite.execute(TestNGXmlTestSuite.java:84)
	at org.apache.maven.surefire.testng.TestNGProvider.invoke(TestNGProvider.java:90)
	at org.apache.maven.surefire.booter.ForkedBooter.invokeProviderInSameClassLoader(ForkedBooter.java:203)
	at org.apache.maven.surefire.booter.ForkedBooter.runSuitesInProcess(ForkedBooter.java:155)
	at org.apache.maven.surefire.booter.ForkedBooter.main(ForkedBooter.java:103)
]]>
            </full-stacktrace>
          </exception> <!-- org.openqa.selenium.ElementClickInterceptedException -->
          <reporter-output>
          </reporter-output>
        </test-method> <!-- uploadSVGMasterPlanTest -->
        <test-method status="PASS" signature="tearDown()[pri:0, instance:WebApp.Salesarchitect.testcases.HomePageTestCases@13969fbe]" name="tearDown" is-config="true" duration-ms="1507" started-at="2022-03-01T13:51:47Z" finished-at="2022-03-01T13:51:48Z">
          <reporter-output>
          </reporter-output>
        </test-method> <!-- tearDown -->
        <test-method status="PASS" signature="setUp()[pri:0, instance:WebApp.Salesarchitect.testcases.HomePageTestCases@13969fbe]" name="setUp" is-config="true" duration-ms="11415" started-at="2022-03-01T13:51:48Z" finished-at="2022-03-01T13:52:00Z">
          <reporter-output>
          </reporter-output>
        </test-method> <!-- setUp -->
        <test-method status="PASS" signature="uploadSVGMasterPlanTest()[pri:0, instance:WebApp.Salesarchitect.testcases.HomePageTestCases@13969fbe]" name="uploadSVGMasterPlanTest" duration-ms="21177" started-at="2022-03-01T13:52:00Z" finished-at="2022-03-01T13:52:21Z">
          <reporter-output>
          </reporter-output>
        </test-method> <!-- uploadSVGMasterPlanTest -->
        <test-method status="PASS" signature="tearDown()[pri:0, instance:WebApp.Salesarchitect.testcases.HomePageTestCases@13969fbe]" name="tearDown" is-config="true" duration-ms="1594" started-at="2022-03-01T13:52:21Z" finished-at="2022-03-01T13:52:23Z">
          <reporter-output>
          </reporter-output>
        </test-method> <!-- tearDown -->
        <test-method status="PASS" signature="setUp()[pri:0, instance:WebApp.Salesarchitect.testcases.HomePageTestCases@13969fbe]" name="setUp" is-config="true" duration-ms="12422" started-at="2022-03-01T13:52:23Z" finished-at="2022-03-01T13:52:35Z">
          <reporter-output>
          </reporter-output>
        </test-method> <!-- setUp -->
        <test-method status="PASS" signature="verifyNextPagerIconTest()[pri:0, instance:WebApp.Salesarchitect.testcases.HomePageTestCases@13969fbe]" name="verifyNextPagerIconTest" duration-ms="9008" started-at="2022-03-01T13:52:35Z" finished-at="2022-03-01T13:52:44Z">
          <reporter-output>
          </reporter-output>
        </test-method> <!-- verifyNextPagerIconTest -->
        <test-method status="PASS" signature="tearDown()[pri:0, instance:WebApp.Salesarchitect.testcases.HomePageTestCases@13969fbe]" name="tearDown" is-config="true" duration-ms="1964" started-at="2022-03-01T13:52:44Z" finished-at="2022-03-01T13:52:46Z">
          <reporter-output>
          </reporter-output>
        </test-method> <!-- tearDown -->
        <test-method status="PASS" signature="setUp()[pri:0, instance:WebApp.Salesarchitect.testcases.HomePageTestCases@13969fbe]" name="setUp" is-config="true" duration-ms="15825" started-at="2022-03-01T13:52:46Z" finished-at="2022-03-01T13:53:02Z">
          <reporter-output>
          </reporter-output>
        </test-method> <!-- setUp -->
        <test-method status="PASS" signature="verifyHomePageTitleTest()[pri:1, instance:WebApp.Salesarchitect.testcases.HomePageTestCases@13969fbe]" name="verifyHomePageTitleTest" duration-ms="8" started-at="2022-03-01T13:53:02Z" finished-at="2022-03-01T13:53:02Z">
          <reporter-output>
          </reporter-output>
        </test-method> <!-- verifyHomePageTitleTest -->
        <test-method status="PASS" signature="tearDown()[pri:0, instance:WebApp.Salesarchitect.testcases.HomePageTestCases@13969fbe]" name="tearDown" is-config="true" duration-ms="1102" started-at="2022-03-01T13:53:02Z" finished-at="2022-03-01T13:53:03Z">
          <reporter-output>
          </reporter-output>
        </test-method> <!-- tearDown -->
        <test-method status="PASS" signature="setUp()[pri:0, instance:WebApp.Salesarchitect.testcases.HomePageTestCases@13969fbe]" name="setUp" is-config="true" duration-ms="13997" started-at="2022-03-01T13:53:03Z" finished-at="2022-03-01T13:53:17Z">
          <reporter-output>
          </reporter-output>
        </test-method> <!-- setUp -->
        <test-method status="PASS" signature="verifyUserNameTest()[pri:2, instance:WebApp.Salesarchitect.testcases.HomePageTestCases@13969fbe]" name="verifyUserNameTest" duration-ms="100" started-at="2022-03-01T13:53:17Z" finished-at="2022-03-01T13:53:17Z">
          <reporter-output>
          </reporter-output>
        </test-method> <!-- verifyUserNameTest -->
        <test-method status="PASS" signature="tearDown()[pri:0, instance:WebApp.Salesarchitect.testcases.HomePageTestCases@13969fbe]" name="tearDown" is-config="true" duration-ms="1355" started-at="2022-03-01T13:53:17Z" finished-at="2022-03-01T13:53:18Z">
          <reporter-output>
          </reporter-output>
        </test-method> <!-- tearDown -->
        <test-method status="PASS" signature="setUp()[pri:0, instance:WebApp.Salesarchitect.testcases.HomePageTestCases@13969fbe]" name="setUp" is-config="true" duration-ms="12781" started-at="2022-03-01T13:53:18Z" finished-at="2022-03-01T13:53:31Z">
          <reporter-output>
          </reporter-output>
        </test-method> <!-- setUp -->
        <test-method status="PASS" signature="clickNewHomeNavigatorLinkTest()[pri:3, instance:WebApp.Salesarchitect.testcases.HomePageTestCases@13969fbe]" name="clickNewHomeNavigatorLinkTest" duration-ms="3849" started-at="2022-03-01T13:53:31Z" finished-at="2022-03-01T13:53:35Z">
          <reporter-output>
          </reporter-output>
        </test-method> <!-- clickNewHomeNavigatorLinkTest -->
        <test-method status="PASS" signature="tearDown()[pri:0, instance:WebApp.Salesarchitect.testcases.HomePageTestCases@13969fbe]" name="tearDown" is-config="true" duration-ms="1074" started-at="2022-03-01T13:53:35Z" finished-at="2022-03-01T13:53:36Z">
          <reporter-output>
          </reporter-output>
        </test-method> <!-- tearDown -->
        <test-method status="PASS" signature="setUp()[pri:0, instance:WebApp.Salesarchitect.testcases.HomePageTestCases@13969fbe]" name="setUp" is-config="true" duration-ms="17471" started-at="2022-03-01T13:53:36Z" finished-at="2022-03-01T13:53:54Z">
          <reporter-output>
          </reporter-output>
        </test-method> <!-- setUp -->
        <test-method status="PASS" signature="manageUsersLinkTest()[pri:4, instance:WebApp.Salesarchitect.testcases.HomePageTestCases@13969fbe]" name="manageUsersLinkTest" duration-ms="6168" started-at="2022-03-01T13:53:54Z" finished-at="2022-03-01T13:54:00Z">
          <reporter-output>
          </reporter-output>
        </test-method> <!-- manageUsersLinkTest -->
        <test-method status="PASS" signature="tearDown()[pri:0, instance:WebApp.Salesarchitect.testcases.HomePageTestCases@13969fbe]" name="tearDown" is-config="true" duration-ms="1319" started-at="2022-03-01T13:54:00Z" finished-at="2022-03-01T13:54:01Z">
          <reporter-output>
          </reporter-output>
        </test-method> <!-- tearDown -->
        <test-method status="PASS" signature="setUp()[pri:0, instance:WebApp.Salesarchitect.testcases.HomePageTestCases@13969fbe]" name="setUp" is-config="true" duration-ms="18664" started-at="2022-03-01T13:54:01Z" finished-at="2022-03-01T13:54:20Z">
          <reporter-output>
          </reporter-output>
        </test-method> <!-- setUp -->
        <test-method status="PASS" signature="partnerConfigurationLinkTest()[pri:5, instance:WebApp.Salesarchitect.testcases.HomePageTestCases@13969fbe]" name="partnerConfigurationLinkTest" duration-ms="6430" started-at="2022-03-01T13:54:20Z" finished-at="2022-03-01T13:54:26Z">
          <reporter-output>
          </reporter-output>
        </test-method> <!-- partnerConfigurationLinkTest -->
        <test-method status="PASS" signature="tearDown()[pri:0, instance:WebApp.Salesarchitect.testcases.HomePageTestCases@13969fbe]" name="tearDown" is-config="true" duration-ms="1250" started-at="2022-03-01T13:54:26Z" finished-at="2022-03-01T13:54:27Z">
          <reporter-output>
          </reporter-output>
        </test-method> <!-- tearDown -->
        <test-method status="PASS" signature="setUp()[pri:0, instance:WebApp.Salesarchitect.testcases.HomePageTestCases@13969fbe]" name="setUp" is-config="true" duration-ms="11976" started-at="2022-03-01T13:54:27Z" finished-at="2022-03-01T13:54:39Z">
          <reporter-output>
          </reporter-output>
        </test-method> <!-- setUp -->
        <test-method status="PASS" signature="manageProspectsButtonTest()[pri:7, instance:WebApp.Salesarchitect.testcases.HomePageTestCases@13969fbe]" name="manageProspectsButtonTest" duration-ms="4739" started-at="2022-03-01T13:54:39Z" finished-at="2022-03-01T13:54:44Z">
          <reporter-output>
          </reporter-output>
        </test-method> <!-- manageProspectsButtonTest -->
        <test-method status="PASS" signature="tearDown()[pri:0, instance:WebApp.Salesarchitect.testcases.HomePageTestCases@13969fbe]" name="tearDown" is-config="true" duration-ms="1036" started-at="2022-03-01T13:54:44Z" finished-at="2022-03-01T13:54:45Z">
          <reporter-output>
          </reporter-output>
        </test-method> <!-- tearDown -->
        <test-method status="PASS" signature="setUp()[pri:0, instance:WebApp.Salesarchitect.testcases.HomePageTestCases@13969fbe]" name="setUp" is-config="true" duration-ms="10603" started-at="2022-03-01T13:54:45Z" finished-at="2022-03-01T13:54:56Z">
          <reporter-output>
          </reporter-output>
        </test-method> <!-- setUp -->
        <test-method status="PASS" signature="manageAppsTest()[pri:8, instance:WebApp.Salesarchitect.testcases.HomePageTestCases@13969fbe]" name="manageAppsTest" duration-ms="3500" started-at="2022-03-01T13:54:56Z" finished-at="2022-03-01T13:54:59Z">
          <reporter-output>
          </reporter-output>
        </test-method> <!-- manageAppsTest -->
        <test-method status="PASS" signature="tearDown()[pri:0, instance:WebApp.Salesarchitect.testcases.HomePageTestCases@13969fbe]" name="tearDown" is-config="true" duration-ms="1420" started-at="2022-03-01T13:54:59Z" finished-at="2022-03-01T13:55:01Z">
          <reporter-output>
          </reporter-output>
        </test-method> <!-- tearDown -->
        <test-method status="PASS" signature="setUp()[pri:0, instance:WebApp.Salesarchitect.testcases.HomePageTestCases@13969fbe]" name="setUp" is-config="true" duration-ms="11802" started-at="2022-03-01T13:55:01Z" finished-at="2022-03-01T13:55:12Z">
          <reporter-output>
          </reporter-output>
        </test-method> <!-- setUp -->
        <test-method status="PASS" signature="navigatorReportsButtonTest()[pri:9, instance:WebApp.Salesarchitect.testcases.HomePageTestCases@13969fbe]" name="navigatorReportsButtonTest" duration-ms="5978" started-at="2022-03-01T13:55:12Z" finished-at="2022-03-01T13:55:18Z">
          <reporter-output>
          </reporter-output>
        </test-method> <!-- navigatorReportsButtonTest -->
        <test-method status="PASS" signature="tearDown()[pri:0, instance:WebApp.Salesarchitect.testcases.HomePageTestCases@13969fbe]" name="tearDown" is-config="true" duration-ms="1379" started-at="2022-03-01T13:55:18Z" finished-at="2022-03-01T13:55:20Z">
          <reporter-output>
          </reporter-output>
        </test-method> <!-- tearDown -->
        <test-method status="PASS" signature="setUp()[pri:0, instance:WebApp.Salesarchitect.testcases.HomePageTestCases@13969fbe]" name="setUp" is-config="true" duration-ms="15553" started-at="2022-03-01T13:55:20Z" finished-at="2022-03-01T13:55:35Z">
          <reporter-output>
          </reporter-output>
        </test-method> <!-- setUp -->
        <test-method status="PASS" signature="uploadSVGTest()[pri:10, instance:WebApp.Salesarchitect.testcases.HomePageTestCases@13969fbe]" name="uploadSVGTest" duration-ms="59929" started-at="2022-03-01T13:55:35Z" finished-at="2022-03-01T13:56:35Z">
          <reporter-output>
          </reporter-output>
        </test-method> <!-- uploadSVGTest -->
        <test-method status="PASS" signature="tearDown()[pri:0, instance:WebApp.Salesarchitect.testcases.HomePageTestCases@13969fbe]" name="tearDown" is-config="true" duration-ms="854" started-at="2022-03-01T13:56:35Z" finished-at="2022-03-01T13:56:36Z">
          <reporter-output>
          </reporter-output>
        </test-method> <!-- tearDown -->
        <test-method status="PASS" signature="setUp()[pri:0, instance:WebApp.Salesarchitect.testcases.HomePageTestCases@13969fbe]" name="setUp" is-config="true" duration-ms="11092" started-at="2022-03-01T13:56:36Z" finished-at="2022-03-01T13:56:47Z">
          <reporter-output>
          </reporter-output>
        </test-method> <!-- setUp -->
        <test-method status="PASS" signature="deleteAllLotsInfoLinkTest()[pri:11, instance:WebApp.Salesarchitect.testcases.HomePageTestCases@13969fbe]" name="deleteAllLotsInfoLinkTest" duration-ms="8170" started-at="2022-03-01T13:56:47Z" finished-at="2022-03-01T13:56:55Z">
          <reporter-output>
          </reporter-output>
        </test-method> <!-- deleteAllLotsInfoLinkTest -->
        <test-method status="PASS" signature="tearDown()[pri:0, instance:WebApp.Salesarchitect.testcases.HomePageTestCases@13969fbe]" name="tearDown" is-config="true" duration-ms="755" started-at="2022-03-01T13:56:55Z" finished-at="2022-03-01T13:56:56Z">
          <reporter-output>
          </reporter-output>
        </test-method> <!-- tearDown -->
      </class> <!-- WebApp.Salesarchitect.testcases.HomePageTestCases -->
    </test> <!-- SalesArchitectTestCases -->
  </suite> <!-- Salesarchitect -->
</testng-results>
