<?xml version="1.0" encoding="UTF-8"?>
<!-- Generated by org.testng.reporters.JUnitXMLReporter -->
<testsuite hostname="EXIPC0120" name="SalesArchitectTestCases" tests="33" failures="2" timestamp="9 Feb 2022 18:16:15 GMT" time="789.889" errors="0">
  <testcase name="clearSearchLinkTest" time="9.692" classname="WebApp.Salesarchitect.testcases.HomePageTestCases"/>
  <testcase name="communitySearchBoxByBuilderNameTest" time="12.7" classname="WebApp.Salesarchitect.testcases.HomePageTestCases"/>
  <testcase name="communitySearchBoxByCommunityNameTest" time="6.319" classname="WebApp.Salesarchitect.testcases.HomePageTestCases"/>
  <testcase name="geoSpatialSitePlanJsonLinkTest" time="21.068" classname="WebApp.Salesarchitect.testcases.HomePageTestCases">
    <skipped/>
  </testcase> <!-- geoSpatialSitePlanJsonLinkTest -->
  <testcase name="geoSpatialSitePlanJsonLinkTest" time="21.024" classname="WebApp.Salesarchitect.testcases.HomePageTestCases">
    <skipped/>
  </testcase> <!-- geoSpatialSitePlanJsonLinkTest -->
  <testcase name="geoSpatialSitePlanJsonLinkTest" time="21.333" classname="WebApp.Salesarchitect.testcases.HomePageTestCases">
    <skipped/>
  </testcase> <!-- geoSpatialSitePlanJsonLinkTest -->
  <testcase name="geoSpatialSitePlanJsonLinkTest" time="21.339" classname="WebApp.Salesarchitect.testcases.HomePageTestCases">
    <failure type="org.openqa.selenium.ElementNotInteractableException" message="element not interactable
  (Session info: chrome=98.0.4758.82)
Build info: version: &amp;apos;3.141.59&amp;apos;, revision: &amp;apos;e82be7d358&amp;apos;, time: &amp;apos;2018-11-14T08:17:03&amp;apos;
System info: host: &amp;apos;EXIPC0120&amp;apos;, ip: &amp;apos;192.168.0.106&amp;apos;, os.name: &amp;apos;Windows 10&amp;apos;, os.arch: &amp;apos;amd64&amp;apos;, os.version: &amp;apos;10.0&amp;apos;, java.version: &amp;apos;1.8.0_201&amp;apos;
Driver info: org.openqa.selenium.chrome.ChromeDriver
Capabilities {acceptInsecureCerts: false, browserName: chrome, browserVersion: 98.0.4758.82, chrome: {chromedriverVersion: 98.0.4758.80 (7f0488e8ba0d8..., userDataDir: C:\Users\SCHOUD~1\AppData\L...}, goog:chromeOptions: {debuggerAddress: localhost:63309}, javascriptEnabled: true, networkConnectionEnabled: false, pageLoadStrategy: normal, platform: WINDOWS, platformName: WINDOWS, proxy: Proxy(), setWindowRect: true, strictFileInteractability: false, timeouts: {implicit: 0, pageLoad: 300000, script: 30000}, unhandledPromptBehavior: dismiss and notify, webauthn:extension:credBlob: true, webauthn:extension:largeBlob: true, webauthn:virtualAuthenticators: true}
Session ID: dabf36644aab5a2e40d237460807ac04">
      <![CDATA[org.openqa.selenium.ElementNotInteractableException: element not interactable
  (Session info: chrome=98.0.4758.82)
Build info: version: '3.141.59', revision: 'e82be7d358', time: '2018-11-14T08:17:03'
System info: host: 'EXIPC0120', ip: '192.168.0.106', os.name: 'Windows 10', os.arch: 'amd64', os.version: '10.0', java.version: '1.8.0_201'
Driver info: org.openqa.selenium.chrome.ChromeDriver
Capabilities {acceptInsecureCerts: false, browserName: chrome, browserVersion: 98.0.4758.82, chrome: {chromedriverVersion: 98.0.4758.80 (7f0488e8ba0d8..., userDataDir: C:\Users\SCHOUD~1\AppData\L...}, goog:chromeOptions: {debuggerAddress: localhost:63309}, javascriptEnabled: true, networkConnectionEnabled: false, pageLoadStrategy: normal, platform: WINDOWS, platformName: WINDOWS, proxy: Proxy(), setWindowRect: true, strictFileInteractability: false, timeouts: {implicit: 0, pageLoad: 300000, script: 30000}, unhandledPromptBehavior: dismiss and notify, webauthn:extension:credBlob: true, webauthn:extension:largeBlob: true, webauthn:virtualAuthenticators: true}
Session ID: dabf36644aab5a2e40d237460807ac04
	at org.openqa.selenium.remote.http.W3CHttpResponseCodec.createException(W3CHttpResponseCodec.java:187)
	at org.openqa.selenium.remote.http.W3CHttpResponseCodec.decode(W3CHttpResponseCodec.java:122)
	at org.openqa.selenium.remote.http.W3CHttpResponseCodec.decode(W3CHttpResponseCodec.java:49)
	at org.openqa.selenium.remote.HttpCommandExecutor.execute(HttpCommandExecutor.java:158)
	at org.openqa.selenium.remote.service.DriverCommandExecutor.execute(DriverCommandExecutor.java:83)
	at org.openqa.selenium.remote.RemoteWebDriver.execute(RemoteWebDriver.java:552)
	at org.openqa.selenium.remote.RemoteWebElement.execute(RemoteWebElement.java:285)
	at org.openqa.selenium.remote.RemoteWebElement.click(RemoteWebElement.java:84)
	at org.openqa.selenium.support.events.EventFiringWebDriver$EventFiringWebElement.lambda$new$0(EventFiringWebDriver.java:404)
	at com.sun.proxy.$Proxy13.click(Unknown Source)
	at org.openqa.selenium.support.events.EventFiringWebDriver$EventFiringWebElement.click(EventFiringWebDriver.java:417)
	at org.openqa.selenium.support.pagefactory.internal.LocatingElementHandler.invoke(LocatingElementHandler.java:51)
	at com.sun.proxy.$Proxy12.click(Unknown Source)
	at WebApp.Salesarchitect.Common.CommonMethods.scrollToElementClick(CommonMethods.java:48)
	at WebApp.Salesarchitect.Pages.HomePage.geoSpatialSitePlanJsonLink(HomePage.java:558)
	at WebApp.Salesarchitect.testcases.HomePageTestCases.geoSpatialSitePlanJsonLinkTest(HomePageTestCases.java:193)
... Removed 34 stack frames]]>
    </failure>
  </testcase> <!-- geoSpatialSitePlanJsonLinkTest -->
  <testcase name="geoSpatialSitePlanSvgGeoLinkTest" time="9.638" classname="WebApp.Salesarchitect.testcases.HomePageTestCases"/>
  <testcase name="isApikeyValueTest" time="3.215" classname="WebApp.Salesarchitect.testcases.HomePageTestCases"/>
  <testcase name="logOffTest" time="0.983" classname="WebApp.Salesarchitect.testcases.HomePageTestCases"/>
  <testcase name="manageLotsFillDataTestExcel" time="22.168" classname="WebApp.Salesarchitect.testcases.HomePageTestCases">
    <skipped/>
  </testcase> <!-- manageLotsFillDataTestExcel -->
  <testcase name="manageLotsFillDataTestExcel" time="22.226" classname="WebApp.Salesarchitect.testcases.HomePageTestCases">
    <skipped/>
  </testcase> <!-- manageLotsFillDataTestExcel -->
  <testcase name="manageLotsFillDataTestExcel" time="22.645" classname="WebApp.Salesarchitect.testcases.HomePageTestCases">
    <skipped/>
  </testcase> <!-- manageLotsFillDataTestExcel -->
  <testcase name="manageLotsFillDataTestExcel" time="22.392" classname="WebApp.Salesarchitect.testcases.HomePageTestCases">
    <failure type="org.openqa.selenium.NoSuchElementException" message="no such element: Unable to locate element: {&amp;quot;method&amp;quot;:&amp;quot;xpath&amp;quot;,&amp;quot;selector&amp;quot;:&amp;quot;//tr[@id=&amp;apos;531533&amp;apos;]//td&amp;quot;}
  (Session info: chrome=98.0.4758.82)
For documentation on this error, please visit: https://www.seleniumhq.org/exceptions/no_such_element.html
Build info: version: &amp;apos;3.141.59&amp;apos;, revision: &amp;apos;e82be7d358&amp;apos;, time: &amp;apos;2018-11-14T08:17:03&amp;apos;
System info: host: &amp;apos;EXIPC0120&amp;apos;, ip: &amp;apos;192.168.0.106&amp;apos;, os.name: &amp;apos;Windows 10&amp;apos;, os.arch: &amp;apos;amd64&amp;apos;, os.version: &amp;apos;10.0&amp;apos;, java.version: &amp;apos;1.8.0_201&amp;apos;
Driver info: org.openqa.selenium.chrome.ChromeDriver
Capabilities {acceptInsecureCerts: false, browserName: chrome, browserVersion: 98.0.4758.82, chrome: {chromedriverVersion: 98.0.4758.80 (7f0488e8ba0d8..., userDataDir: C:\Users\SCHOUD~1\AppData\L...}, goog:chromeOptions: {debuggerAddress: localhost:63729}, javascriptEnabled: true, networkConnectionEnabled: false, pageLoadStrategy: normal, platform: WINDOWS, platformName: WINDOWS, proxy: Proxy(), setWindowRect: true, strictFileInteractability: false, timeouts: {implicit: 0, pageLoad: 300000, script: 30000}, unhandledPromptBehavior: dismiss and notify, webauthn:extension:credBlob: true, webauthn:extension:largeBlob: true, webauthn:virtualAuthenticators: true}
Session ID: ee8080ce8b199cf97b99bc52172d113f
*** Element info: {Using=xpath, value=//tr[@id=&amp;apos;531533&amp;apos;]//td}">
      <![CDATA[org.openqa.selenium.NoSuchElementException: no such element: Unable to locate element: {"method":"xpath","selector":"//tr[@id='531533']//td"}
  (Session info: chrome=98.0.4758.82)
For documentation on this error, please visit: https://www.seleniumhq.org/exceptions/no_such_element.html
Build info: version: '3.141.59', revision: 'e82be7d358', time: '2018-11-14T08:17:03'
System info: host: 'EXIPC0120', ip: '192.168.0.106', os.name: 'Windows 10', os.arch: 'amd64', os.version: '10.0', java.version: '1.8.0_201'
Driver info: org.openqa.selenium.chrome.ChromeDriver
Capabilities {acceptInsecureCerts: false, browserName: chrome, browserVersion: 98.0.4758.82, chrome: {chromedriverVersion: 98.0.4758.80 (7f0488e8ba0d8..., userDataDir: C:\Users\SCHOUD~1\AppData\L...}, goog:chromeOptions: {debuggerAddress: localhost:63729}, javascriptEnabled: true, networkConnectionEnabled: false, pageLoadStrategy: normal, platform: WINDOWS, platformName: WINDOWS, proxy: Proxy(), setWindowRect: true, strictFileInteractability: false, timeouts: {implicit: 0, pageLoad: 300000, script: 30000}, unhandledPromptBehavior: dismiss and notify, webauthn:extension:credBlob: true, webauthn:extension:largeBlob: true, webauthn:virtualAuthenticators: true}
Session ID: ee8080ce8b199cf97b99bc52172d113f
*** Element info: {Using=xpath, value=//tr[@id='531533']//td}
	at org.openqa.selenium.remote.http.W3CHttpResponseCodec.createException(W3CHttpResponseCodec.java:187)
	at org.openqa.selenium.remote.http.W3CHttpResponseCodec.decode(W3CHttpResponseCodec.java:122)
	at org.openqa.selenium.remote.http.W3CHttpResponseCodec.decode(W3CHttpResponseCodec.java:49)
	at org.openqa.selenium.remote.HttpCommandExecutor.execute(HttpCommandExecutor.java:158)
	at org.openqa.selenium.remote.service.DriverCommandExecutor.execute(DriverCommandExecutor.java:83)
	at org.openqa.selenium.remote.RemoteWebDriver.execute(RemoteWebDriver.java:552)
	at org.openqa.selenium.remote.RemoteWebDriver.findElement(RemoteWebDriver.java:323)
	at org.openqa.selenium.remote.RemoteWebDriver.findElementByXPath(RemoteWebDriver.java:428)
	at org.openqa.selenium.By$ByXPath.findElement(By.java:353)
	at org.openqa.selenium.remote.RemoteWebDriver.findElement(RemoteWebDriver.java:315)
	at org.openqa.selenium.support.events.EventFiringWebDriver.lambda$new$1(EventFiringWebDriver.java:105)
	at com.sun.proxy.$Proxy8.findElement(Unknown Source)
	at org.openqa.selenium.support.events.EventFiringWebDriver.findElement(EventFiringWebDriver.java:194)
	at WebApp.Salesarchitect.Pages.HomePage.ManageLotsFillDataExcel(HomePage.java:472)
	at WebApp.Salesarchitect.testcases.HomePageTestCases.manageLotsFillDataTestExcel(HomePageTestCases.java:229)
... Removed 31 stack frames]]>
    </failure>
  </testcase> <!-- manageLotsFillDataTestExcel -->
  <testcase name="siteOverviewLinkTest" time="16.543" classname="WebApp.Salesarchitect.testcases.HomePageTestCases"/>
  <testcase name="sitePreviewLinkTest" time="11.003" classname="WebApp.Salesarchitect.testcases.HomePageTestCases"/>
  <testcase name="verifyNextPagerIconTest" time="8.754" classname="WebApp.Salesarchitect.testcases.HomePageTestCases"/>
  <testcase name="verifyHomePageTitleTest" time="0.008" classname="WebApp.Salesarchitect.testcases.HomePageTestCases"/>
  <testcase name="verifyUserNameTest" time="0.131" classname="WebApp.Salesarchitect.testcases.HomePageTestCases"/>
  <testcase name="clickNewHomeNavigatorLinkTest" time="8.076" classname="WebApp.Salesarchitect.testcases.HomePageTestCases"/>
  <testcase name="manageUsersLinkTest" time="2.71" classname="WebApp.Salesarchitect.testcases.HomePageTestCases"/>
  <testcase name="partnerConfigurationLinkTest" time="2.802" classname="WebApp.Salesarchitect.testcases.HomePageTestCases"/>
  <testcase name="manageProspectsButtonTest" time="5.189" classname="WebApp.Salesarchitect.testcases.HomePageTestCases"/>
  <testcase name="manageAppsTest" time="3.803" classname="WebApp.Salesarchitect.testcases.HomePageTestCases"/>
  <testcase name="navigatorReportsButtonTest" time="4.729" classname="WebApp.Salesarchitect.testcases.HomePageTestCases"/>
  <testcase name="uploadSVGTest" time="29.197" classname="WebApp.Salesarchitect.testcases.HomePageTestCases"/>
  <testcase name="deleteAllLotsInfoLinkTest" time="8.237" classname="WebApp.Salesarchitect.testcases.HomePageTestCases"/>
  <testcase name="InValidLoginTest" time="0.886" classname="WebApp.Salesarchitect.testcases.LoginPageTestCases"/>
  <testcase name="PartnerSuperAdminValidLoginTest" time="7.387" classname="WebApp.Salesarchitect.testcases.LoginPageTestCases"/>
  <testcase name="SalesEditorAdminValidLoginTest" time="7.031" classname="WebApp.Salesarchitect.testcases.LoginPageTestCases"/>
  <testcase name="SalesRepAdminValidLoginTest" time="7.099" classname="WebApp.Salesarchitect.testcases.LoginPageTestCases"/>
  <testcase name="SuperAdminValidLoginTest" time="7.791" classname="WebApp.Salesarchitect.testcases.LoginPageTestCases"/>
  <testcase name="testCommunityAdminValidLogin" time="7.001" classname="WebApp.Salesarchitect.testcases.LoginPageTestCases"/>
</testsuite> <!-- SalesArchitectTestCases -->
