<html>
<head>
<title>TestNG:  SalesArchitectTestCases</title>
<link href="../testng.css" rel="stylesheet" type="text/css" />
<link href="../my-testng.css" rel="stylesheet" type="text/css" />

<style type="text/css">
.log { display: none;} 
.stack-trace { display: none;} 
</style>
<script type="text/javascript">
<!--
function flip(e) {
  current = e.style.display;
  if (current == 'block') {
    e.style.display = 'none';
    return 0;
  }
  else {
    e.style.display = 'block';
    return 1;
  }
}

function toggleBox(szDivId, elem, msg1, msg2)
{
  var res = -1;  if (document.getElementById) {
    res = flip(document.getElementById(szDivId));
  }
  else if (document.all) {
    // this is the way old msie versions work
    res = flip(document.all[szDivId]);
  }
  if(elem) {
    if(res == 0) elem.innerHTML = msg1; else elem.innerHTML = msg2;
  }

}

function toggleAllBoxes() {
  if (document.getElementsByTagName) {
    d = document.getElementsByTagName('div');
    for (i = 0; i < d.length; i++) {
      if (d[i].className == 'log') {
        flip(d[i]);
      }
    }
  }
}

// -->
</script>

</head>
<body>
<h2 align='center'>SalesArchitectTestCases</h2><table border='1' align="center">
<tr>
<td>Tests passed/Failed/Skipped:</td><td>30/0/3</td>
</tr><tr>
<td>Started on:</td><td>Tue Mar 01 13:43:23 IST 2022</td>
</tr>
<tr><td>Total time:</td><td>813 seconds (813298 ms)</td>
</tr><tr>
<td>Included groups:</td><td></td>
</tr><tr>
<td>Excluded groups:</td><td></td>
</tr>
</table><p/>
<small><i>(Hover the method name to see the test class name)</i></small><p/>
<table width='100%' border='1' class='invocation-passed'>
<tr><td colspan='4' align='center'><b>PASSED TESTS</b></td></tr>
<tr><td><b>Test method</b></td>
<td width="30%"><b>Exception</b></td>
<td width="10%"><b>Time (seconds)</b></td>
<td><b>Instance</b></td>
</tr>
<tr>
<td title='WebApp.Salesarchitect.testcases.LoginPageTestCases.InValidLoginTest()'><b>InValidLoginTest</b><br>Test class: WebApp.Salesarchitect.testcases.LoginPageTestCases</td>
<td></td>
<td>1</td>
<td>WebApp.Salesarchitect.testcases.LoginPageTestCases@22f71333</td></tr>
<tr>
<td title='WebApp.Salesarchitect.testcases.LoginPageTestCases.PartnerSuperAdminValidLoginTest()'><b>PartnerSuperAdminValidLoginTest</b><br>Test class: WebApp.Salesarchitect.testcases.LoginPageTestCases</td>
<td></td>
<td>6</td>
<td>WebApp.Salesarchitect.testcases.LoginPageTestCases@22f71333</td></tr>
<tr>
<td title='WebApp.Salesarchitect.testcases.LoginPageTestCases.SalesEditorAdminValidLoginTest()'><b>SalesEditorAdminValidLoginTest</b><br>Test class: WebApp.Salesarchitect.testcases.LoginPageTestCases</td>
<td></td>
<td>5</td>
<td>WebApp.Salesarchitect.testcases.LoginPageTestCases@22f71333</td></tr>
<tr>
<td title='WebApp.Salesarchitect.testcases.LoginPageTestCases.SalesRepAdminValidLoginTest()'><b>SalesRepAdminValidLoginTest</b><br>Test class: WebApp.Salesarchitect.testcases.LoginPageTestCases</td>
<td></td>
<td>5</td>
<td>WebApp.Salesarchitect.testcases.LoginPageTestCases@22f71333</td></tr>
<tr>
<td title='WebApp.Salesarchitect.testcases.LoginPageTestCases.SuperAdminValidLoginTest()'><b>SuperAdminValidLoginTest</b><br>Test class: WebApp.Salesarchitect.testcases.LoginPageTestCases</td>
<td></td>
<td>6</td>
<td>WebApp.Salesarchitect.testcases.LoginPageTestCases@22f71333</td></tr>
<tr>
<td title='WebApp.Salesarchitect.testcases.HomePageTestCases.associateSVGMasterPlanTest()'><b>associateSVGMasterPlanTest</b><br>Test class: WebApp.Salesarchitect.testcases.HomePageTestCases</td>
<td></td>
<td>16</td>
<td>WebApp.Salesarchitect.testcases.HomePageTestCases@13969fbe</td></tr>
<tr>
<td title='WebApp.Salesarchitect.testcases.HomePageTestCases.clearSearchLinkTest()'><b>clearSearchLinkTest</b><br>Test class: WebApp.Salesarchitect.testcases.HomePageTestCases</td>
<td></td>
<td>10</td>
<td>WebApp.Salesarchitect.testcases.HomePageTestCases@13969fbe</td></tr>
<tr>
<td title='WebApp.Salesarchitect.testcases.HomePageTestCases.clickNewHomeNavigatorLinkTest()'><b>clickNewHomeNavigatorLinkTest</b><br>Test class: WebApp.Salesarchitect.testcases.HomePageTestCases</td>
<td></td>
<td>3</td>
<td>WebApp.Salesarchitect.testcases.HomePageTestCases@13969fbe</td></tr>
<tr>
<td title='WebApp.Salesarchitect.testcases.HomePageTestCases.communitySearchBoxByBuilderNameTest()'><b>communitySearchBoxByBuilderNameTest</b><br>Test class: WebApp.Salesarchitect.testcases.HomePageTestCases</td>
<td></td>
<td>13</td>
<td>WebApp.Salesarchitect.testcases.HomePageTestCases@13969fbe</td></tr>
<tr>
<td title='WebApp.Salesarchitect.testcases.HomePageTestCases.communitySearchBoxByCommunityNameTest()'><b>communitySearchBoxByCommunityNameTest</b><br>Test class: WebApp.Salesarchitect.testcases.HomePageTestCases</td>
<td></td>
<td>6</td>
<td>WebApp.Salesarchitect.testcases.HomePageTestCases@13969fbe</td></tr>
<tr>
<td title='WebApp.Salesarchitect.testcases.HomePageTestCases.deleteAllLotsInfoLinkTest()'><b>deleteAllLotsInfoLinkTest</b><br>Test class: WebApp.Salesarchitect.testcases.HomePageTestCases</td>
<td></td>
<td>8</td>
<td>WebApp.Salesarchitect.testcases.HomePageTestCases@13969fbe</td></tr>
<tr>
<td title='WebApp.Salesarchitect.testcases.HomePageTestCases.geoSpatialSitePlanJsonLinkTest()'><b>geoSpatialSitePlanJsonLinkTest</b><br>Test class: WebApp.Salesarchitect.testcases.HomePageTestCases</td>
<td></td>
<td>17</td>
<td>WebApp.Salesarchitect.testcases.HomePageTestCases@13969fbe</td></tr>
<tr>
<td title='WebApp.Salesarchitect.testcases.HomePageTestCases.geoSpatialSitePlanSvgGeoLinkTest()'><b>geoSpatialSitePlanSvgGeoLinkTest</b><br>Test class: WebApp.Salesarchitect.testcases.HomePageTestCases</td>
<td></td>
<td>10</td>
<td>WebApp.Salesarchitect.testcases.HomePageTestCases@13969fbe</td></tr>
<tr>
<td title='WebApp.Salesarchitect.testcases.HomePageTestCases.isApikeyValueTest()'><b>isApikeyValueTest</b><br>Test class: WebApp.Salesarchitect.testcases.HomePageTestCases</td>
<td></td>
<td>2</td>
<td>WebApp.Salesarchitect.testcases.HomePageTestCases@13969fbe</td></tr>
<tr>
<td title='WebApp.Salesarchitect.testcases.HomePageTestCases.logOffTest()'><b>logOffTest</b><br>Test class: WebApp.Salesarchitect.testcases.HomePageTestCases</td>
<td></td>
<td>1</td>
<td>WebApp.Salesarchitect.testcases.HomePageTestCases@13969fbe</td></tr>
<tr>
<td title='WebApp.Salesarchitect.testcases.HomePageTestCases.manageAppsTest()'><b>manageAppsTest</b><br>Test class: WebApp.Salesarchitect.testcases.HomePageTestCases</td>
<td></td>
<td>3</td>
<td>WebApp.Salesarchitect.testcases.HomePageTestCases@13969fbe</td></tr>
<tr>
<td title='WebApp.Salesarchitect.testcases.HomePageTestCases.manageLotsFillDataTestExcel()'><b>manageLotsFillDataTestExcel</b><br>Test class: WebApp.Salesarchitect.testcases.HomePageTestCases<br>Parameters: Model, selenium01, 3600 Sq feet, 1000.0, BBBxl, PPPxl, Fifth Floorxl, Front xl, This is Selenium added text. Lot is ready for Sale xl, House no -3600, Law lane xl, Https://www.facebook.com, Selenium LinkXL</td>
<td></td>
<td>13</td>
<td>WebApp.Salesarchitect.testcases.HomePageTestCases@13969fbe</td></tr>
<tr>
<td title='WebApp.Salesarchitect.testcases.HomePageTestCases.manageProspectsButtonTest()'><b>manageProspectsButtonTest</b><br>Test class: WebApp.Salesarchitect.testcases.HomePageTestCases</td>
<td></td>
<td>4</td>
<td>WebApp.Salesarchitect.testcases.HomePageTestCases@13969fbe</td></tr>
<tr>
<td title='WebApp.Salesarchitect.testcases.HomePageTestCases.manageUsersLinkTest()'><b>manageUsersLinkTest</b><br>Test class: WebApp.Salesarchitect.testcases.HomePageTestCases</td>
<td></td>
<td>6</td>
<td>WebApp.Salesarchitect.testcases.HomePageTestCases@13969fbe</td></tr>
<tr>
<td title='WebApp.Salesarchitect.testcases.HomePageTestCases.navigatorReportsButtonTest()'><b>navigatorReportsButtonTest</b><br>Test class: WebApp.Salesarchitect.testcases.HomePageTestCases</td>
<td></td>
<td>5</td>
<td>WebApp.Salesarchitect.testcases.HomePageTestCases@13969fbe</td></tr>
<tr>
<td title='WebApp.Salesarchitect.testcases.HomePageTestCases.partnerConfigurationLinkTest()'><b>partnerConfigurationLinkTest</b><br>Test class: WebApp.Salesarchitect.testcases.HomePageTestCases</td>
<td></td>
<td>6</td>
<td>WebApp.Salesarchitect.testcases.HomePageTestCases@13969fbe</td></tr>
<tr>
<td title='WebApp.Salesarchitect.testcases.HomePageTestCases.previewSVGMasterPlanLinkTest()'><b>previewSVGMasterPlanLinkTest</b><br>Test class: WebApp.Salesarchitect.testcases.HomePageTestCases</td>
<td></td>
<td>10</td>
<td>WebApp.Salesarchitect.testcases.HomePageTestCases@13969fbe</td></tr>
<tr>
<td title='WebApp.Salesarchitect.testcases.HomePageTestCases.siteOverviewLinkTest()'><b>siteOverviewLinkTest</b><br>Test class: WebApp.Salesarchitect.testcases.HomePageTestCases</td>
<td></td>
<td>13</td>
<td>WebApp.Salesarchitect.testcases.HomePageTestCases@13969fbe</td></tr>
<tr>
<td title='WebApp.Salesarchitect.testcases.HomePageTestCases.sitePreviewLinkTest()'><b>sitePreviewLinkTest</b><br>Test class: WebApp.Salesarchitect.testcases.HomePageTestCases</td>
<td></td>
<td>12</td>
<td>WebApp.Salesarchitect.testcases.HomePageTestCases@13969fbe</td></tr>
<tr>
<td title='WebApp.Salesarchitect.testcases.LoginPageTestCases.testCommunityAdminValidLogin()'><b>testCommunityAdminValidLogin</b><br>Test class: WebApp.Salesarchitect.testcases.LoginPageTestCases</td>
<td></td>
<td>6</td>
<td>WebApp.Salesarchitect.testcases.LoginPageTestCases@22f71333</td></tr>
<tr>
<td title='WebApp.Salesarchitect.testcases.HomePageTestCases.uploadSVGMasterPlanTest()'><b>uploadSVGMasterPlanTest</b><br>Test class: WebApp.Salesarchitect.testcases.HomePageTestCases</td>
<td></td>
<td>21</td>
<td>WebApp.Salesarchitect.testcases.HomePageTestCases@13969fbe</td></tr>
<tr>
<td title='WebApp.Salesarchitect.testcases.HomePageTestCases.uploadSVGTest()'><b>uploadSVGTest</b><br>Test class: WebApp.Salesarchitect.testcases.HomePageTestCases</td>
<td></td>
<td>59</td>
<td>WebApp.Salesarchitect.testcases.HomePageTestCases@13969fbe</td></tr>
<tr>
<td title='WebApp.Salesarchitect.testcases.HomePageTestCases.verifyHomePageTitleTest()'><b>verifyHomePageTitleTest</b><br>Test class: WebApp.Salesarchitect.testcases.HomePageTestCases</td>
<td></td>
<td>0</td>
<td>WebApp.Salesarchitect.testcases.HomePageTestCases@13969fbe</td></tr>
<tr>
<td title='WebApp.Salesarchitect.testcases.HomePageTestCases.verifyNextPagerIconTest()'><b>verifyNextPagerIconTest</b><br>Test class: WebApp.Salesarchitect.testcases.HomePageTestCases</td>
<td></td>
<td>9</td>
<td>WebApp.Salesarchitect.testcases.HomePageTestCases@13969fbe</td></tr>
<tr>
<td title='WebApp.Salesarchitect.testcases.HomePageTestCases.verifyUserNameTest()'><b>verifyUserNameTest</b><br>Test class: WebApp.Salesarchitect.testcases.HomePageTestCases</td>
<td></td>
<td>0</td>
<td>WebApp.Salesarchitect.testcases.HomePageTestCases@13969fbe</td></tr>
</table><p>
<table width='100%' border='1' class='invocation-skipped'>
<tr><td colspan='4' align='center'><b>SKIPPED TESTS</b></td></tr>
<tr><td><b>Test method</b></td>
<td width="30%"><b>Exception</b></td>
<td width="10%"><b>Time (seconds)</b></td>
<td><b>Instance</b></td>
</tr>
<tr>
<td title='WebApp.Salesarchitect.testcases.HomePageTestCases.geoSpatialSitePlanSvgGeoLinkTest()'><b>geoSpatialSitePlanSvgGeoLinkTest</b><br>Test class: WebApp.Salesarchitect.testcases.HomePageTestCases</td>
<td><div><pre>org.openqa.selenium.NoSuchElementException: no such element: Unable to locate element: {&quot;method&quot;:&quot;xpath&quot;,&quot;selector&quot;:&quot;//*[name()=&apos;svg&apos;]//*[local-name()=&apos;polygon&apos; and @id=&apos;Lot_81&apos;]&quot;}
  (Session info: chrome=98.0.4758.102)
For documentation on this error, please visit: https://www.seleniumhq.org/exceptions/no_such_element.html
Build info: version: &apos;3.141.59&apos;, revision: &apos;e82be7d358&apos;, time: &apos;2018-11-14T08:17:03&apos;
System info: host: &apos;EXIPC0120&apos;, ip: &apos;172.17.10.238&apos;, os.name: &apos;Windows 10&apos;, os.arch: &apos;amd64&apos;, os.version: &apos;10.0&apos;, java.version: &apos;1.8.0_201&apos;
Driver info: org.openqa.selenium.chrome.ChromeDriver
Capabilities {acceptInsecureCerts: false, browserName: chrome, browserVersion: 98.0.4758.102, chrome: {chromedriverVersion: 98.0.4758.80 (7f0488e8ba0d8..., userDataDir: C:\Users\SCHOUD~1\AppData\L...}, goog:chromeOptions: {debuggerAddress: localhost:65193}, javascriptEnabled: true, networkConnectionEnabled: false, pageLoadStrategy: normal, platform: WINDOWS, platformName: WINDOWS, proxy: Proxy(), setWindowRect: true, strictFileInteractability: false, timeouts: {implicit: 0, pageLoad: 300000, script: 30000}, unhandledPromptBehavior: dismiss and notify, webauthn:extension:credBlob: true, webauthn:extension:largeBlob: true, webauthn:virtualAuthenticators: true}
Session ID: 4f8eb52fd0a4ba9b153a99a12fcbc65c
*** Element info: {Using=xpath, value=//*[name()=&apos;svg&apos;]//*[local-name()=&apos;polygon&apos; and @id=&apos;Lot_81&apos;]}
	at org.openqa.selenium.remote.http.W3CHttpResponseCodec.createException(W3CHttpResponseCodec.java:187)
	at org.openqa.selenium.remote.http.W3CHttpResponseCodec.decode(W3CHttpResponseCodec.java:122)
	at org.openqa.selenium.remote.http.W3CHttpResponseCodec.decode(W3CHttpResponseCodec.java:49)
	at org.openqa.selenium.remote.HttpCommandExecutor.execute(HttpCommandExecutor.java:158)
	at org.openqa.selenium.remote.service.DriverCommandExecutor.execute(DriverCommandExecutor.java:83)
	at org.openqa.selenium.remote.RemoteWebDriver.execute(RemoteWebDriver.java:552)
	at org.openqa.selenium.remote.RemoteWebDriver.findElement(RemoteWebDriver.java:323)
	at org.openqa.selenium.remote.RemoteWebDriver.findElementByXPath(RemoteWebDriver.java:428)
	at org.openqa.selenium.By$ByXPath.findElement(By.java:353)
	at org.openqa.selenium.remote.RemoteWebDriver.findElement(RemoteWebDriver.java:315)
	at org.openqa.selenium.support.events.EventFiringWebDriver.lambda$new$1(EventFiringWebDriver.java:105)
	at com.sun.proxy.$Proxy7.findElement(Unknown Source)
	at org.openqa.selenium.support.events.EventFiringWebDriver.findElement(EventFiringWebDriver.java:194)
	at org.openqa.selenium.support.pagefactory.DefaultElementLocator.findElement(DefaultElementLocator.java:69)
	at org.openqa.selenium.support.pagefactory.internal.LocatingElementHandler.invoke(LocatingElementHandler.java:38)
	at com.sun.proxy.$Proxy11.isDisplayed(Unknown Source)
	at WebApp.Salesarchitect.Pages.HomePage.geoSpatialSitePlanSvgGeoLink(HomePage.java:648)
	at WebApp.Salesarchitect.testcases.HomePageTestCases.geoSpatialSitePlanSvgGeoLinkTest(HomePageTestCases.java:201)
... Removed 34 stack frames</pre></div><a href='#' onClick='toggleBox("stack-trace2124448375", this, "Click to show all stack frames", "Click to hide stack frames")'>Click to show all stack frames</a>
<div class='stack-trace' id='stack-trace2124448375'><pre>org.openqa.selenium.NoSuchElementException: no such element: Unable to locate element: {&quot;method&quot;:&quot;xpath&quot;,&quot;selector&quot;:&quot;//*[name()=&apos;svg&apos;]//*[local-name()=&apos;polygon&apos; and @id=&apos;Lot_81&apos;]&quot;}
  (Session info: chrome=98.0.4758.102)
For documentation on this error, please visit: https://www.seleniumhq.org/exceptions/no_such_element.html
Build info: version: &apos;3.141.59&apos;, revision: &apos;e82be7d358&apos;, time: &apos;2018-11-14T08:17:03&apos;
System info: host: &apos;EXIPC0120&apos;, ip: &apos;172.17.10.238&apos;, os.name: &apos;Windows 10&apos;, os.arch: &apos;amd64&apos;, os.version: &apos;10.0&apos;, java.version: &apos;1.8.0_201&apos;
Driver info: org.openqa.selenium.chrome.ChromeDriver
Capabilities {acceptInsecureCerts: false, browserName: chrome, browserVersion: 98.0.4758.102, chrome: {chromedriverVersion: 98.0.4758.80 (7f0488e8ba0d8..., userDataDir: C:\Users\SCHOUD~1\AppData\L...}, goog:chromeOptions: {debuggerAddress: localhost:65193}, javascriptEnabled: true, networkConnectionEnabled: false, pageLoadStrategy: normal, platform: WINDOWS, platformName: WINDOWS, proxy: Proxy(), setWindowRect: true, strictFileInteractability: false, timeouts: {implicit: 0, pageLoad: 300000, script: 30000}, unhandledPromptBehavior: dismiss and notify, webauthn:extension:credBlob: true, webauthn:extension:largeBlob: true, webauthn:virtualAuthenticators: true}
Session ID: 4f8eb52fd0a4ba9b153a99a12fcbc65c
*** Element info: {Using=xpath, value=//*[name()=&apos;svg&apos;]//*[local-name()=&apos;polygon&apos; and @id=&apos;Lot_81&apos;]}
	at sun.reflect.NativeConstructorAccessorImpl.newInstance0(Native Method)
	at sun.reflect.NativeConstructorAccessorImpl.newInstance(Unknown Source)
	at sun.reflect.DelegatingConstructorAccessorImpl.newInstance(Unknown Source)
	at java.lang.reflect.Constructor.newInstance(Unknown Source)
	at org.openqa.selenium.remote.http.W3CHttpResponseCodec.createException(W3CHttpResponseCodec.java:187)
	at org.openqa.selenium.remote.http.W3CHttpResponseCodec.decode(W3CHttpResponseCodec.java:122)
	at org.openqa.selenium.remote.http.W3CHttpResponseCodec.decode(W3CHttpResponseCodec.java:49)
	at org.openqa.selenium.remote.HttpCommandExecutor.execute(HttpCommandExecutor.java:158)
	at org.openqa.selenium.remote.service.DriverCommandExecutor.execute(DriverCommandExecutor.java:83)
	at org.openqa.selenium.remote.RemoteWebDriver.execute(RemoteWebDriver.java:552)
	at org.openqa.selenium.remote.RemoteWebDriver.findElement(RemoteWebDriver.java:323)
	at org.openqa.selenium.remote.RemoteWebDriver.findElementByXPath(RemoteWebDriver.java:428)
	at org.openqa.selenium.By$ByXPath.findElement(By.java:353)
	at org.openqa.selenium.remote.RemoteWebDriver.findElement(RemoteWebDriver.java:315)
	at sun.reflect.GeneratedMethodAccessor4.invoke(Unknown Source)
	at sun.reflect.DelegatingMethodAccessorImpl.invoke(Unknown Source)
	at java.lang.reflect.Method.invoke(Unknown Source)
	at org.openqa.selenium.support.events.EventFiringWebDriver.lambda$new$1(EventFiringWebDriver.java:105)
	at com.sun.proxy.$Proxy7.findElement(Unknown Source)
	at org.openqa.selenium.support.events.EventFiringWebDriver.findElement(EventFiringWebDriver.java:194)
	at org.openqa.selenium.support.pagefactory.DefaultElementLocator.findElement(DefaultElementLocator.java:69)
	at org.openqa.selenium.support.pagefactory.internal.LocatingElementHandler.invoke(LocatingElementHandler.java:38)
	at com.sun.proxy.$Proxy11.isDisplayed(Unknown Source)
	at WebApp.Salesarchitect.Pages.HomePage.geoSpatialSitePlanSvgGeoLink(HomePage.java:648)
	at WebApp.Salesarchitect.testcases.HomePageTestCases.geoSpatialSitePlanSvgGeoLinkTest(HomePageTestCases.java:201)
	at sun.reflect.NativeMethodAccessorImpl.invoke0(Native Method)
	at sun.reflect.NativeMethodAccessorImpl.invoke(Unknown Source)
	at sun.reflect.DelegatingMethodAccessorImpl.invoke(Unknown Source)
	at java.lang.reflect.Method.invoke(Unknown Source)
	at org.testng.internal.MethodInvocationHelper.invokeMethod(MethodInvocationHelper.java:86)
	at org.testng.internal.Invoker.invokeMethod(Invoker.java:643)
	at org.testng.internal.Invoker.invokeTestMethod(Invoker.java:820)
	at org.testng.internal.Invoker.invokeTestMethods(Invoker.java:1128)
	at org.testng.internal.TestMethodWorker.invokeTestMethods(TestMethodWorker.java:129)
	at org.testng.internal.TestMethodWorker.run(TestMethodWorker.java:112)
	at org.testng.TestRunner.privateRun(TestRunner.java:782)
	at org.testng.TestRunner.run(TestRunner.java:632)
	at org.testng.SuiteRunner.runTest(SuiteRunner.java:366)
	at org.testng.SuiteRunner.runSequentially(SuiteRunner.java:361)
	at org.testng.SuiteRunner.privateRun(SuiteRunner.java:319)
	at org.testng.SuiteRunner.run(SuiteRunner.java:268)
	at org.testng.SuiteRunnerWorker.runSuite(SuiteRunnerWorker.java:52)
	at org.testng.SuiteRunnerWorker.run(SuiteRunnerWorker.java:86)
	at org.testng.TestNG.runSuitesSequentially(TestNG.java:1244)
	at org.testng.TestNG.runSuitesLocally(TestNG.java:1169)
	at org.testng.TestNG.run(TestNG.java:1064)
	at org.apache.maven.surefire.testng.TestNGExecutor.run(TestNGExecutor.java:295)
	at org.apache.maven.surefire.testng.TestNGXmlTestSuite.execute(TestNGXmlTestSuite.java:84)
	at org.apache.maven.surefire.testng.TestNGProvider.invoke(TestNGProvider.java:90)
	at org.apache.maven.surefire.booter.ForkedBooter.invokeProviderInSameClassLoader(ForkedBooter.java:203)
	at org.apache.maven.surefire.booter.ForkedBooter.runSuitesInProcess(ForkedBooter.java:155)
	at org.apache.maven.surefire.booter.ForkedBooter.main(ForkedBooter.java:103)
</pre></div></td>
<td>27</td>
<td>WebApp.Salesarchitect.testcases.HomePageTestCases@13969fbe</td></tr>
<tr>
<td title='WebApp.Salesarchitect.testcases.HomePageTestCases.geoSpatialSitePlanSvgGeoLinkTest()'><b>geoSpatialSitePlanSvgGeoLinkTest</b><br>Test class: WebApp.Salesarchitect.testcases.HomePageTestCases</td>
<td><div><pre>org.openqa.selenium.NoSuchElementException: no such element: Unable to locate element: {&quot;method&quot;:&quot;xpath&quot;,&quot;selector&quot;:&quot;//*[name()=&apos;svg&apos;]//*[local-name()=&apos;polygon&apos; and @id=&apos;Lot_81&apos;]&quot;}
  (Session info: chrome=98.0.4758.102)
For documentation on this error, please visit: https://www.seleniumhq.org/exceptions/no_such_element.html
Build info: version: &apos;3.141.59&apos;, revision: &apos;e82be7d358&apos;, time: &apos;2018-11-14T08:17:03&apos;
System info: host: &apos;EXIPC0120&apos;, ip: &apos;172.17.10.238&apos;, os.name: &apos;Windows 10&apos;, os.arch: &apos;amd64&apos;, os.version: &apos;10.0&apos;, java.version: &apos;1.8.0_201&apos;
Driver info: org.openqa.selenium.chrome.ChromeDriver
Capabilities {acceptInsecureCerts: false, browserName: chrome, browserVersion: 98.0.4758.102, chrome: {chromedriverVersion: 98.0.4758.80 (7f0488e8ba0d8..., userDataDir: C:\Users\SCHOUD~1\AppData\L...}, goog:chromeOptions: {debuggerAddress: localhost:65317}, javascriptEnabled: true, networkConnectionEnabled: false, pageLoadStrategy: normal, platform: WINDOWS, platformName: WINDOWS, proxy: Proxy(), setWindowRect: true, strictFileInteractability: false, timeouts: {implicit: 0, pageLoad: 300000, script: 30000}, unhandledPromptBehavior: dismiss and notify, webauthn:extension:credBlob: true, webauthn:extension:largeBlob: true, webauthn:virtualAuthenticators: true}
Session ID: 4b4a03223e5695be856cc4662182b902
*** Element info: {Using=xpath, value=//*[name()=&apos;svg&apos;]//*[local-name()=&apos;polygon&apos; and @id=&apos;Lot_81&apos;]}
	at org.openqa.selenium.remote.http.W3CHttpResponseCodec.createException(W3CHttpResponseCodec.java:187)
	at org.openqa.selenium.remote.http.W3CHttpResponseCodec.decode(W3CHttpResponseCodec.java:122)
	at org.openqa.selenium.remote.http.W3CHttpResponseCodec.decode(W3CHttpResponseCodec.java:49)
	at org.openqa.selenium.remote.HttpCommandExecutor.execute(HttpCommandExecutor.java:158)
	at org.openqa.selenium.remote.service.DriverCommandExecutor.execute(DriverCommandExecutor.java:83)
	at org.openqa.selenium.remote.RemoteWebDriver.execute(RemoteWebDriver.java:552)
	at org.openqa.selenium.remote.RemoteWebDriver.findElement(RemoteWebDriver.java:323)
	at org.openqa.selenium.remote.RemoteWebDriver.findElementByXPath(RemoteWebDriver.java:428)
	at org.openqa.selenium.By$ByXPath.findElement(By.java:353)
	at org.openqa.selenium.remote.RemoteWebDriver.findElement(RemoteWebDriver.java:315)
	at org.openqa.selenium.support.events.EventFiringWebDriver.lambda$new$1(EventFiringWebDriver.java:105)
	at com.sun.proxy.$Proxy7.findElement(Unknown Source)
	at org.openqa.selenium.support.events.EventFiringWebDriver.findElement(EventFiringWebDriver.java:194)
	at org.openqa.selenium.support.pagefactory.DefaultElementLocator.findElement(DefaultElementLocator.java:69)
	at org.openqa.selenium.support.pagefactory.internal.LocatingElementHandler.invoke(LocatingElementHandler.java:38)
	at com.sun.proxy.$Proxy11.isDisplayed(Unknown Source)
	at WebApp.Salesarchitect.Pages.HomePage.geoSpatialSitePlanSvgGeoLink(HomePage.java:648)
	at WebApp.Salesarchitect.testcases.HomePageTestCases.geoSpatialSitePlanSvgGeoLinkTest(HomePageTestCases.java:201)
... Removed 34 stack frames</pre></div><a href='#' onClick='toggleBox("stack-trace187019413", this, "Click to show all stack frames", "Click to hide stack frames")'>Click to show all stack frames</a>
<div class='stack-trace' id='stack-trace187019413'><pre>org.openqa.selenium.NoSuchElementException: no such element: Unable to locate element: {&quot;method&quot;:&quot;xpath&quot;,&quot;selector&quot;:&quot;//*[name()=&apos;svg&apos;]//*[local-name()=&apos;polygon&apos; and @id=&apos;Lot_81&apos;]&quot;}
  (Session info: chrome=98.0.4758.102)
For documentation on this error, please visit: https://www.seleniumhq.org/exceptions/no_such_element.html
Build info: version: &apos;3.141.59&apos;, revision: &apos;e82be7d358&apos;, time: &apos;2018-11-14T08:17:03&apos;
System info: host: &apos;EXIPC0120&apos;, ip: &apos;172.17.10.238&apos;, os.name: &apos;Windows 10&apos;, os.arch: &apos;amd64&apos;, os.version: &apos;10.0&apos;, java.version: &apos;1.8.0_201&apos;
Driver info: org.openqa.selenium.chrome.ChromeDriver
Capabilities {acceptInsecureCerts: false, browserName: chrome, browserVersion: 98.0.4758.102, chrome: {chromedriverVersion: 98.0.4758.80 (7f0488e8ba0d8..., userDataDir: C:\Users\SCHOUD~1\AppData\L...}, goog:chromeOptions: {debuggerAddress: localhost:65317}, javascriptEnabled: true, networkConnectionEnabled: false, pageLoadStrategy: normal, platform: WINDOWS, platformName: WINDOWS, proxy: Proxy(), setWindowRect: true, strictFileInteractability: false, timeouts: {implicit: 0, pageLoad: 300000, script: 30000}, unhandledPromptBehavior: dismiss and notify, webauthn:extension:credBlob: true, webauthn:extension:largeBlob: true, webauthn:virtualAuthenticators: true}
Session ID: 4b4a03223e5695be856cc4662182b902
*** Element info: {Using=xpath, value=//*[name()=&apos;svg&apos;]//*[local-name()=&apos;polygon&apos; and @id=&apos;Lot_81&apos;]}
	at sun.reflect.NativeConstructorAccessorImpl.newInstance0(Native Method)
	at sun.reflect.NativeConstructorAccessorImpl.newInstance(Unknown Source)
	at sun.reflect.DelegatingConstructorAccessorImpl.newInstance(Unknown Source)
	at java.lang.reflect.Constructor.newInstance(Unknown Source)
	at org.openqa.selenium.remote.http.W3CHttpResponseCodec.createException(W3CHttpResponseCodec.java:187)
	at org.openqa.selenium.remote.http.W3CHttpResponseCodec.decode(W3CHttpResponseCodec.java:122)
	at org.openqa.selenium.remote.http.W3CHttpResponseCodec.decode(W3CHttpResponseCodec.java:49)
	at org.openqa.selenium.remote.HttpCommandExecutor.execute(HttpCommandExecutor.java:158)
	at org.openqa.selenium.remote.service.DriverCommandExecutor.execute(DriverCommandExecutor.java:83)
	at org.openqa.selenium.remote.RemoteWebDriver.execute(RemoteWebDriver.java:552)
	at org.openqa.selenium.remote.RemoteWebDriver.findElement(RemoteWebDriver.java:323)
	at org.openqa.selenium.remote.RemoteWebDriver.findElementByXPath(RemoteWebDriver.java:428)
	at org.openqa.selenium.By$ByXPath.findElement(By.java:353)
	at org.openqa.selenium.remote.RemoteWebDriver.findElement(RemoteWebDriver.java:315)
	at sun.reflect.GeneratedMethodAccessor4.invoke(Unknown Source)
	at sun.reflect.DelegatingMethodAccessorImpl.invoke(Unknown Source)
	at java.lang.reflect.Method.invoke(Unknown Source)
	at org.openqa.selenium.support.events.EventFiringWebDriver.lambda$new$1(EventFiringWebDriver.java:105)
	at com.sun.proxy.$Proxy7.findElement(Unknown Source)
	at org.openqa.selenium.support.events.EventFiringWebDriver.findElement(EventFiringWebDriver.java:194)
	at org.openqa.selenium.support.pagefactory.DefaultElementLocator.findElement(DefaultElementLocator.java:69)
	at org.openqa.selenium.support.pagefactory.internal.LocatingElementHandler.invoke(LocatingElementHandler.java:38)
	at com.sun.proxy.$Proxy11.isDisplayed(Unknown Source)
	at WebApp.Salesarchitect.Pages.HomePage.geoSpatialSitePlanSvgGeoLink(HomePage.java:648)
	at WebApp.Salesarchitect.testcases.HomePageTestCases.geoSpatialSitePlanSvgGeoLinkTest(HomePageTestCases.java:201)
	at sun.reflect.NativeMethodAccessorImpl.invoke0(Native Method)
	at sun.reflect.NativeMethodAccessorImpl.invoke(Unknown Source)
	at sun.reflect.DelegatingMethodAccessorImpl.invoke(Unknown Source)
	at java.lang.reflect.Method.invoke(Unknown Source)
	at org.testng.internal.MethodInvocationHelper.invokeMethod(MethodInvocationHelper.java:86)
	at org.testng.internal.Invoker.invokeMethod(Invoker.java:643)
	at org.testng.internal.Invoker.retryFailed(Invoker.java:967)
	at org.testng.internal.Invoker.invokeTestMethods(Invoker.java:1146)
	at org.testng.internal.TestMethodWorker.invokeTestMethods(TestMethodWorker.java:129)
	at org.testng.internal.TestMethodWorker.run(TestMethodWorker.java:112)
	at org.testng.TestRunner.privateRun(TestRunner.java:782)
	at org.testng.TestRunner.run(TestRunner.java:632)
	at org.testng.SuiteRunner.runTest(SuiteRunner.java:366)
	at org.testng.SuiteRunner.runSequentially(SuiteRunner.java:361)
	at org.testng.SuiteRunner.privateRun(SuiteRunner.java:319)
	at org.testng.SuiteRunner.run(SuiteRunner.java:268)
	at org.testng.SuiteRunnerWorker.runSuite(SuiteRunnerWorker.java:52)
	at org.testng.SuiteRunnerWorker.run(SuiteRunnerWorker.java:86)
	at org.testng.TestNG.runSuitesSequentially(TestNG.java:1244)
	at org.testng.TestNG.runSuitesLocally(TestNG.java:1169)
	at org.testng.TestNG.run(TestNG.java:1064)
	at org.apache.maven.surefire.testng.TestNGExecutor.run(TestNGExecutor.java:295)
	at org.apache.maven.surefire.testng.TestNGXmlTestSuite.execute(TestNGXmlTestSuite.java:84)
	at org.apache.maven.surefire.testng.TestNGProvider.invoke(TestNGProvider.java:90)
	at org.apache.maven.surefire.booter.ForkedBooter.invokeProviderInSameClassLoader(ForkedBooter.java:203)
	at org.apache.maven.surefire.booter.ForkedBooter.runSuitesInProcess(ForkedBooter.java:155)
	at org.apache.maven.surefire.booter.ForkedBooter.main(ForkedBooter.java:103)
</pre></div></td>
<td>28</td>
<td>WebApp.Salesarchitect.testcases.HomePageTestCases@13969fbe</td></tr>
<tr>
<td title='WebApp.Salesarchitect.testcases.HomePageTestCases.uploadSVGMasterPlanTest()'><b>uploadSVGMasterPlanTest</b><br>Test class: WebApp.Salesarchitect.testcases.HomePageTestCases</td>
<td><div><pre>org.openqa.selenium.ElementClickInterceptedException: element click intercepted: Element &lt;td role=&quot;gridcell&quot; style=&quot;text-align:center;&quot; title=&quot;...&quot; aria-describedby=&quot;Communities_cell.Name&quot;&gt;Eagle View&lt;/td&gt; is not clickable at point (376, 12). Other element would receive the click: &lt;div class=&quot;modal-backdrop fade in&quot;&gt;&lt;/div&gt;
  (Session info: chrome=98.0.4758.102)
Build info: version: &apos;3.141.59&apos;, revision: &apos;e82be7d358&apos;, time: &apos;2018-11-14T08:17:03&apos;
System info: host: &apos;EXIPC0120&apos;, ip: &apos;172.17.10.238&apos;, os.name: &apos;Windows 10&apos;, os.arch: &apos;amd64&apos;, os.version: &apos;10.0&apos;, java.version: &apos;1.8.0_201&apos;
Driver info: org.openqa.selenium.chrome.ChromeDriver
Capabilities {acceptInsecureCerts: false, browserName: chrome, browserVersion: 98.0.4758.102, chrome: {chromedriverVersion: 98.0.4758.80 (7f0488e8ba0d8..., userDataDir: C:\Users\SCHOUD~1\AppData\L...}, goog:chromeOptions: {debuggerAddress: localhost:49389}, javascriptEnabled: true, networkConnectionEnabled: false, pageLoadStrategy: normal, platform: WINDOWS, platformName: WINDOWS, proxy: Proxy(), setWindowRect: true, strictFileInteractability: false, timeouts: {implicit: 0, pageLoad: 300000, script: 30000}, unhandledPromptBehavior: dismiss and notify, webauthn:extension:credBlob: true, webauthn:extension:largeBlob: true, webauthn:virtualAuthenticators: true}
Session ID: 4d3d321a477b64640f0244ba742f387d
	at org.openqa.selenium.remote.http.W3CHttpResponseCodec.createException(W3CHttpResponseCodec.java:187)
	at org.openqa.selenium.remote.http.W3CHttpResponseCodec.decode(W3CHttpResponseCodec.java:122)
	at org.openqa.selenium.remote.http.W3CHttpResponseCodec.decode(W3CHttpResponseCodec.java:49)
	at org.openqa.selenium.remote.HttpCommandExecutor.execute(HttpCommandExecutor.java:158)
	at org.openqa.selenium.remote.service.DriverCommandExecutor.execute(DriverCommandExecutor.java:83)
	at org.openqa.selenium.remote.RemoteWebDriver.execute(RemoteWebDriver.java:552)
	at org.openqa.selenium.remote.RemoteWebElement.execute(RemoteWebElement.java:285)
	at org.openqa.selenium.remote.RemoteWebElement.click(RemoteWebElement.java:84)
	at org.openqa.selenium.support.events.EventFiringWebDriver$EventFiringWebElement.lambda$new$0(EventFiringWebDriver.java:404)
	at com.sun.proxy.$Proxy12.click(Unknown Source)
	at org.openqa.selenium.support.events.EventFiringWebDriver$EventFiringWebElement.click(EventFiringWebDriver.java:417)
	at org.openqa.selenium.support.pagefactory.internal.LocatingElementHandler.invoke(LocatingElementHandler.java:51)
	at com.sun.proxy.$Proxy11.click(Unknown Source)
	at WebApp.Salesarchitect.Pages.HomePage.uploadSVGMasterPlan(HomePage.java:755)
	at WebApp.Salesarchitect.testcases.HomePageTestCases.uploadSVGMasterPlanTest(HomePageTestCases.java:257)
... Removed 37 stack frames</pre></div><a href='#' onClick='toggleBox("stack-trace983253408", this, "Click to show all stack frames", "Click to hide stack frames")'>Click to show all stack frames</a>
<div class='stack-trace' id='stack-trace983253408'><pre>org.openqa.selenium.ElementClickInterceptedException: element click intercepted: Element &lt;td role=&quot;gridcell&quot; style=&quot;text-align:center;&quot; title=&quot;...&quot; aria-describedby=&quot;Communities_cell.Name&quot;&gt;Eagle View&lt;/td&gt; is not clickable at point (376, 12). Other element would receive the click: &lt;div class=&quot;modal-backdrop fade in&quot;&gt;&lt;/div&gt;
  (Session info: chrome=98.0.4758.102)
Build info: version: &apos;3.141.59&apos;, revision: &apos;e82be7d358&apos;, time: &apos;2018-11-14T08:17:03&apos;
System info: host: &apos;EXIPC0120&apos;, ip: &apos;172.17.10.238&apos;, os.name: &apos;Windows 10&apos;, os.arch: &apos;amd64&apos;, os.version: &apos;10.0&apos;, java.version: &apos;1.8.0_201&apos;
Driver info: org.openqa.selenium.chrome.ChromeDriver
Capabilities {acceptInsecureCerts: false, browserName: chrome, browserVersion: 98.0.4758.102, chrome: {chromedriverVersion: 98.0.4758.80 (7f0488e8ba0d8..., userDataDir: C:\Users\SCHOUD~1\AppData\L...}, goog:chromeOptions: {debuggerAddress: localhost:49389}, javascriptEnabled: true, networkConnectionEnabled: false, pageLoadStrategy: normal, platform: WINDOWS, platformName: WINDOWS, proxy: Proxy(), setWindowRect: true, strictFileInteractability: false, timeouts: {implicit: 0, pageLoad: 300000, script: 30000}, unhandledPromptBehavior: dismiss and notify, webauthn:extension:credBlob: true, webauthn:extension:largeBlob: true, webauthn:virtualAuthenticators: true}
Session ID: 4d3d321a477b64640f0244ba742f387d
	at sun.reflect.NativeConstructorAccessorImpl.newInstance0(Native Method)
	at sun.reflect.NativeConstructorAccessorImpl.newInstance(Unknown Source)
	at sun.reflect.DelegatingConstructorAccessorImpl.newInstance(Unknown Source)
	at java.lang.reflect.Constructor.newInstance(Unknown Source)
	at org.openqa.selenium.remote.http.W3CHttpResponseCodec.createException(W3CHttpResponseCodec.java:187)
	at org.openqa.selenium.remote.http.W3CHttpResponseCodec.decode(W3CHttpResponseCodec.java:122)
	at org.openqa.selenium.remote.http.W3CHttpResponseCodec.decode(W3CHttpResponseCodec.java:49)
	at org.openqa.selenium.remote.HttpCommandExecutor.execute(HttpCommandExecutor.java:158)
	at org.openqa.selenium.remote.service.DriverCommandExecutor.execute(DriverCommandExecutor.java:83)
	at org.openqa.selenium.remote.RemoteWebDriver.execute(RemoteWebDriver.java:552)
	at org.openqa.selenium.remote.RemoteWebElement.execute(RemoteWebElement.java:285)
	at org.openqa.selenium.remote.RemoteWebElement.click(RemoteWebElement.java:84)
	at sun.reflect.GeneratedMethodAccessor6.invoke(Unknown Source)
	at sun.reflect.DelegatingMethodAccessorImpl.invoke(Unknown Source)
	at java.lang.reflect.Method.invoke(Unknown Source)
	at org.openqa.selenium.support.events.EventFiringWebDriver$EventFiringWebElement.lambda$new$0(EventFiringWebDriver.java:404)
	at com.sun.proxy.$Proxy12.click(Unknown Source)
	at org.openqa.selenium.support.events.EventFiringWebDriver$EventFiringWebElement.click(EventFiringWebDriver.java:417)
	at sun.reflect.GeneratedMethodAccessor6.invoke(Unknown Source)
	at sun.reflect.DelegatingMethodAccessorImpl.invoke(Unknown Source)
	at java.lang.reflect.Method.invoke(Unknown Source)
	at org.openqa.selenium.support.pagefactory.internal.LocatingElementHandler.invoke(LocatingElementHandler.java:51)
	at com.sun.proxy.$Proxy11.click(Unknown Source)
	at WebApp.Salesarchitect.Pages.HomePage.uploadSVGMasterPlan(HomePage.java:755)
	at WebApp.Salesarchitect.testcases.HomePageTestCases.uploadSVGMasterPlanTest(HomePageTestCases.java:257)
	at sun.reflect.NativeMethodAccessorImpl.invoke0(Native Method)
	at sun.reflect.NativeMethodAccessorImpl.invoke(Unknown Source)
	at sun.reflect.DelegatingMethodAccessorImpl.invoke(Unknown Source)
	at java.lang.reflect.Method.invoke(Unknown Source)
	at org.testng.internal.MethodInvocationHelper.invokeMethod(MethodInvocationHelper.java:86)
	at org.testng.internal.Invoker.invokeMethod(Invoker.java:643)
	at org.testng.internal.Invoker.invokeTestMethod(Invoker.java:820)
	at org.testng.internal.Invoker.invokeTestMethods(Invoker.java:1128)
	at org.testng.internal.TestMethodWorker.invokeTestMethods(TestMethodWorker.java:129)
	at org.testng.internal.TestMethodWorker.run(TestMethodWorker.java:112)
	at org.testng.TestRunner.privateRun(TestRunner.java:782)
	at org.testng.TestRunner.run(TestRunner.java:632)
	at org.testng.SuiteRunner.runTest(SuiteRunner.java:366)
	at org.testng.SuiteRunner.runSequentially(SuiteRunner.java:361)
	at org.testng.SuiteRunner.privateRun(SuiteRunner.java:319)
	at org.testng.SuiteRunner.run(SuiteRunner.java:268)
	at org.testng.SuiteRunnerWorker.runSuite(SuiteRunnerWorker.java:52)
	at org.testng.SuiteRunnerWorker.run(SuiteRunnerWorker.java:86)
	at org.testng.TestNG.runSuitesSequentially(TestNG.java:1244)
	at org.testng.TestNG.runSuitesLocally(TestNG.java:1169)
	at org.testng.TestNG.run(TestNG.java:1064)
	at org.apache.maven.surefire.testng.TestNGExecutor.run(TestNGExecutor.java:295)
	at org.apache.maven.surefire.testng.TestNGXmlTestSuite.execute(TestNGXmlTestSuite.java:84)
	at org.apache.maven.surefire.testng.TestNGProvider.invoke(TestNGProvider.java:90)
	at org.apache.maven.surefire.booter.ForkedBooter.invokeProviderInSameClassLoader(ForkedBooter.java:203)
	at org.apache.maven.surefire.booter.ForkedBooter.runSuitesInProcess(ForkedBooter.java:155)
	at org.apache.maven.surefire.booter.ForkedBooter.main(ForkedBooter.java:103)
</pre></div></td>
<td>21</td>
<td>WebApp.Salesarchitect.testcases.HomePageTestCases@13969fbe</td></tr>
</table><p>
</body>
</html>